Copyright 1986-2022 Xilinx, Inc. All Rights Reserved. Copyright 2022-2023 Advanced Micro Devices, Inc. All Rights Reserved.
---------------------------------------------------------------------------------------------------------------------------------------------
| Tool Version : Vivado v.2023.1 (lin64) Build 3865809 Sun May  7 15:04:56 MDT 2023
| Date         : Thu Sep 19 15:44:42 2024
| Host         : legal-Precision-5820-Tower running 64-bit Ubuntu 22.04.5 LTS
| Command      : report_utilization -hierarchical -hierarchical_depth 5 -file ./report/bitrank_utilization_hierarchical_synth.rpt
| Design       : bd_0_wrapper
| Device       : xc7z020clg400-1
| Speed File   : -1
| Design State : Synthesized
---------------------------------------------------------------------------------------------------------------------------------------------

Utilization Design Information

Table of Contents
-----------------
1. Utilization by Hierarchy

1. Utilization by Hierarchy
---------------------------

+--------------+-------------------------+------------+------------+---------+------+-----+--------+--------+------------+
|   Instance   |          Module         | Total LUTs | Logic LUTs | LUTRAMs | SRLs | FFs | RAMB36 | RAMB18 | DSP Blocks |
+--------------+-------------------------+------------+------------+---------+------+-----+--------+--------+------------+
| bd_0_wrapper |                   (top) |        152 |        152 |       0 |    0 |  34 |      0 |      0 |          0 |
|   bd_0_i     |                    bd_0 |        152 |        152 |       0 |    0 |  34 |      0 |      0 |          0 |
|     hls_inst |         bd_0_hls_inst_0 |        152 |        152 |       0 |    0 |  34 |      0 |      0 |          0 |
|       inst   | bd_0_hls_inst_0_bitrank |        152 |        152 |       0 |    0 |  34 |      0 |      0 |          0 |
+--------------+-------------------------+------------+------------+---------+------+-----+--------+--------+------------+


