

================================================================
== Vitis HLS Report for 'bitrank'
================================================================
* Date:           Thu Sep 19 15:41:00 2024

* Version:        2023.1 (Build 3854077 on May  4 2023)
* Project:        bitrank
* Solution:       solution1 (Vivado IP Flow Target)
* Product family: zynq
* Target device:  xc7z020-clg400-1


================================================================
== Performance Estimates
================================================================
+ Timing: 
    * Summary: 
    +--------+----------+----------+------------+
    |  Clock |  Target  | Estimated| Uncertainty|
    +--------+----------+----------+------------+
    |ap_clk  |  10.00 ns|  6.605 ns|     2.70 ns|
    +--------+----------+----------+------------+

+ Latency: 
    * Summary: 
    +---------+---------+-----------+-----------+-----+-----+---------+
    |  Latency (cycles) |   Latency (absolute)  |  Interval | Pipeline|
    |   min   |   max   |    min    |    max    | min | max |   Type  |
    +---------+---------+-----------+-----------+-----+-----+---------+
    |        1|        1|  10.000 ns|  10.000 ns|    2|    2|       no|
    +---------+---------+-----------+-----------+-----+-----+---------+

    + Detail: 
        * Instance: 
        N/A

        * Loop: 
        N/A



================================================================
== Utilization Estimates
================================================================
* Summary: 
+-----------------+---------+-----+--------+-------+-----+
|       Name      | BRAM_18K| DSP |   FF   |  LUT  | URAM|
+-----------------+---------+-----+--------+-------+-----+
|DSP              |        -|    -|       -|      -|    -|
|Expression       |        -|    -|       0|   1679|    -|
|FIFO             |        -|    -|       -|      -|    -|
|Instance         |        -|    -|       -|      -|    -|
|Memory           |        -|    -|       -|      -|    -|
|Multiplexer      |        -|    -|       -|     14|    -|
|Register         |        -|    -|      34|      -|    -|
+-----------------+---------+-----+--------+-------+-----+
|Total            |        0|    0|      34|   1693|    0|
+-----------------+---------+-----+--------+-------+-----+
|Available        |      280|  220|  106400|  53200|    0|
+-----------------+---------+-----+--------+-------+-----+
|Utilization (%)  |        0|    0|      ~0|      3|    0|
+-----------------+---------+-----+--------+-------+-----+

+ Detail: 
    * Instance: 
    N/A

    * DSP: 
    N/A

    * Memory: 
    N/A

    * FIFO: 
    N/A

    * Expression: 
    +-------------------------+----------+----+---+----+------------+------------+
    |      Variable Name      | Operation| DSP| FF| LUT| Bitwidth P0| Bitwidth P1|
    +-------------------------+----------+----+---+----+------------+------------+
    |add_ln44_10_fu_1958_p2   |         +|   0|  0|  10|           2|           2|
    |add_ln44_11_fu_1968_p2   |         +|   0|  0|  10|           2|           2|
    |add_ln44_12_fu_1978_p2   |         +|   0|  0|  11|           3|           3|
    |add_ln44_13_fu_1988_p2   |         +|   0|  0|  13|           4|           4|
    |add_ln44_14_fu_2396_p2   |         +|   0|  0|  13|           5|           5|
    |add_ln44_15_fu_1994_p2   |         +|   0|  0|  10|           2|           2|
    |add_ln44_16_fu_2004_p2   |         +|   0|  0|  10|           2|           2|
    |add_ln44_17_fu_2014_p2   |         +|   0|  0|  11|           3|           3|
    |add_ln44_18_fu_2024_p2   |         +|   0|  0|  10|           2|           2|
    |add_ln44_19_fu_2034_p2   |         +|   0|  0|  10|           2|           2|
    |add_ln44_1_fu_1872_p2    |         +|   0|  0|  10|           2|           2|
    |add_ln44_20_fu_2044_p2   |         +|   0|  0|  11|           3|           3|
    |add_ln44_21_fu_2054_p2   |         +|   0|  0|  13|           4|           4|
    |add_ln44_22_fu_2060_p2   |         +|   0|  0|  10|           2|           2|
    |add_ln44_23_fu_2070_p2   |         +|   0|  0|  10|           2|           2|
    |add_ln44_24_fu_2080_p2   |         +|   0|  0|  11|           3|           3|
    |add_ln44_25_fu_2090_p2   |         +|   0|  0|  10|           2|           2|
    |add_ln44_26_fu_2100_p2   |         +|   0|  0|  10|           2|           2|
    |add_ln44_27_fu_2110_p2   |         +|   0|  0|  11|           3|           3|
    |add_ln44_28_fu_2120_p2   |         +|   0|  0|  13|           4|           4|
    |add_ln44_29_fu_2412_p2   |         +|   0|  0|  13|           5|           5|
    |add_ln44_2_fu_1882_p2    |         +|   0|  0|  11|           3|           3|
    |add_ln44_30_fu_2422_p2   |         +|   0|  0|  14|           6|           6|
    |add_ln44_31_fu_2126_p2   |         +|   0|  0|  10|           2|           2|
    |add_ln44_32_fu_2136_p2   |         +|   0|  0|  10|           2|           2|
    |add_ln44_33_fu_2146_p2   |         +|   0|  0|  11|           3|           3|
    |add_ln44_34_fu_2156_p2   |         +|   0|  0|  10|           2|           2|
    |add_ln44_35_fu_2166_p2   |         +|   0|  0|  10|           2|           2|
    |add_ln44_36_fu_2176_p2   |         +|   0|  0|  11|           3|           3|
    |add_ln44_37_fu_2186_p2   |         +|   0|  0|  13|           4|           4|
    |add_ln44_38_fu_2192_p2   |         +|   0|  0|  10|           2|           2|
    |add_ln44_39_fu_2202_p2   |         +|   0|  0|  10|           2|           2|
    |add_ln44_3_fu_1892_p2    |         +|   0|  0|  10|           2|           2|
    |add_ln44_40_fu_2212_p2   |         +|   0|  0|  11|           3|           3|
    |add_ln44_41_fu_2222_p2   |         +|   0|  0|  10|           2|           2|
    |add_ln44_42_fu_2232_p2   |         +|   0|  0|  10|           2|           2|
    |add_ln44_43_fu_2242_p2   |         +|   0|  0|  11|           3|           3|
    |add_ln44_44_fu_2252_p2   |         +|   0|  0|  13|           4|           4|
    |add_ln44_45_fu_2438_p2   |         +|   0|  0|  13|           5|           5|
    |add_ln44_46_fu_2258_p2   |         +|   0|  0|  10|           2|           2|
    |add_ln44_47_fu_2268_p2   |         +|   0|  0|  10|           2|           2|
    |add_ln44_48_fu_2278_p2   |         +|   0|  0|  11|           3|           3|
    |add_ln44_49_fu_2288_p2   |         +|   0|  0|  10|           2|           2|
    |add_ln44_4_fu_1902_p2    |         +|   0|  0|  10|           2|           2|
    |add_ln44_50_fu_2298_p2   |         +|   0|  0|  10|           2|           2|
    |add_ln44_51_fu_2308_p2   |         +|   0|  0|  11|           3|           3|
    |add_ln44_52_fu_2318_p2   |         +|   0|  0|  13|           4|           4|
    |add_ln44_53_fu_2324_p2   |         +|   0|  0|  10|           2|           2|
    |add_ln44_54_fu_2334_p2   |         +|   0|  0|  10|           2|           2|
    |add_ln44_55_fu_2344_p2   |         +|   0|  0|  11|           3|           3|
    |add_ln44_56_fu_2354_p2   |         +|   0|  0|  10|           2|           2|
    |add_ln44_57_fu_2364_p2   |         +|   0|  0|  10|           2|           2|
    |add_ln44_58_fu_2374_p2   |         +|   0|  0|  11|           3|           3|
    |add_ln44_59_fu_2384_p2   |         +|   0|  0|  13|           4|           4|
    |add_ln44_5_fu_1912_p2    |         +|   0|  0|  11|           3|           3|
    |add_ln44_60_fu_2454_p2   |         +|   0|  0|  13|           5|           5|
    |add_ln44_61_fu_2464_p2   |         +|   0|  0|  14|           6|           6|
    |add_ln44_6_fu_1922_p2    |         +|   0|  0|  13|           4|           4|
    |add_ln44_7_fu_1928_p2    |         +|   0|  0|  10|           2|           2|
    |add_ln44_8_fu_1938_p2    |         +|   0|  0|  10|           2|           2|
    |add_ln44_9_fu_1948_p2    |         +|   0|  0|  11|           3|           3|
    |add_ln44_fu_1862_p2      |         +|   0|  0|  10|           2|           2|
    |ap_return                |         +|   0|  0|  14|           7|           7|
    |and_ln44_10_fu_592_p2    |       and|   0|  0|   2|           1|           1|
    |and_ln44_11_fu_616_p2    |       and|   0|  0|   2|           1|           1|
    |and_ln44_12_fu_640_p2    |       and|   0|  0|   2|           1|           1|
    |and_ln44_13_fu_664_p2    |       and|   0|  0|   2|           1|           1|
    |and_ln44_14_fu_688_p2    |       and|   0|  0|   2|           1|           1|
    |and_ln44_15_fu_722_p2    |       and|   0|  0|   2|           1|           1|
    |and_ln44_16_fu_746_p2    |       and|   0|  0|   2|           1|           1|
    |and_ln44_17_fu_770_p2    |       and|   0|  0|   2|           1|           1|
    |and_ln44_18_fu_794_p2    |       and|   0|  0|   2|           1|           1|
    |and_ln44_19_fu_818_p2    |       and|   0|  0|   2|           1|           1|
    |and_ln44_1_fu_356_p2     |       and|   0|  0|   2|           1|           1|
    |and_ln44_20_fu_842_p2    |       and|   0|  0|   2|           1|           1|
    |and_ln44_21_fu_866_p2    |       and|   0|  0|   2|           1|           1|
    |and_ln44_22_fu_890_p2    |       and|   0|  0|   2|           1|           1|
    |and_ln44_23_fu_914_p2    |       and|   0|  0|   2|           1|           1|
    |and_ln44_24_fu_938_p2    |       and|   0|  0|   2|           1|           1|
    |and_ln44_25_fu_962_p2    |       and|   0|  0|   2|           1|           1|
    |and_ln44_26_fu_986_p2    |       and|   0|  0|   2|           1|           1|
    |and_ln44_27_fu_1010_p2   |       and|   0|  0|   2|           1|           1|
    |and_ln44_28_fu_1034_p2   |       and|   0|  0|   2|           1|           1|
    |and_ln44_29_fu_1058_p2   |       and|   0|  0|   2|           1|           1|
    |and_ln44_2_fu_380_p2     |       and|   0|  0|   2|           1|           1|
    |and_ln44_30_fu_1082_p2   |       and|   0|  0|   2|           1|           1|
    |and_ln44_31_fu_1108_p2   |       and|   0|  0|   2|           1|           1|
    |and_ln44_32_fu_1132_p2   |       and|   0|  0|   2|           1|           1|
    |and_ln44_33_fu_1156_p2   |       and|   0|  0|   2|           1|           1|
    |and_ln44_34_fu_1180_p2   |       and|   0|  0|   2|           1|           1|
    |and_ln44_35_fu_1204_p2   |       and|   0|  0|   2|           1|           1|
    |and_ln44_36_fu_1228_p2   |       and|   0|  0|   2|           1|           1|
    |and_ln44_37_fu_1252_p2   |       and|   0|  0|   2|           1|           1|
    |and_ln44_38_fu_1276_p2   |       and|   0|  0|   2|           1|           1|
    |and_ln44_39_fu_1300_p2   |       and|   0|  0|   2|           1|           1|
    |and_ln44_3_fu_414_p2     |       and|   0|  0|   2|           1|           1|
    |and_ln44_40_fu_1324_p2   |       and|   0|  0|   2|           1|           1|
    |and_ln44_41_fu_1348_p2   |       and|   0|  0|   2|           1|           1|
    |and_ln44_42_fu_1372_p2   |       and|   0|  0|   2|           1|           1|
    |and_ln44_43_fu_1396_p2   |       and|   0|  0|   2|           1|           1|
    |and_ln44_44_fu_1420_p2   |       and|   0|  0|   2|           1|           1|
    |and_ln44_45_fu_1444_p2   |       and|   0|  0|   2|           1|           1|
    |and_ln44_46_fu_1468_p2   |       and|   0|  0|   2|           1|           1|
    |and_ln44_47_fu_1492_p2   |       and|   0|  0|   2|           1|           1|
    |and_ln44_48_fu_1516_p2   |       and|   0|  0|   2|           1|           1|
    |and_ln44_49_fu_1540_p2   |       and|   0|  0|   2|           1|           1|
    |and_ln44_4_fu_438_p2     |       and|   0|  0|   2|           1|           1|
    |and_ln44_50_fu_1564_p2   |       and|   0|  0|   2|           1|           1|
    |and_ln44_51_fu_1588_p2   |       and|   0|  0|   2|           1|           1|
    |and_ln44_52_fu_1612_p2   |       and|   0|  0|   2|           1|           1|
    |and_ln44_53_fu_1636_p2   |       and|   0|  0|   2|           1|           1|
    |and_ln44_54_fu_1660_p2   |       and|   0|  0|   2|           1|           1|
    |and_ln44_55_fu_1684_p2   |       and|   0|  0|   2|           1|           1|
    |and_ln44_56_fu_1708_p2   |       and|   0|  0|   2|           1|           1|
    |and_ln44_57_fu_1732_p2   |       and|   0|  0|   2|           1|           1|
    |and_ln44_58_fu_1756_p2   |       and|   0|  0|   2|           1|           1|
    |and_ln44_59_fu_1780_p2   |       and|   0|  0|   2|           1|           1|
    |and_ln44_5_fu_462_p2     |       and|   0|  0|   2|           1|           1|
    |and_ln44_60_fu_1804_p2   |       and|   0|  0|   2|           1|           1|
    |and_ln44_61_fu_1828_p2   |       and|   0|  0|   2|           1|           1|
    |and_ln44_62_fu_1852_p2   |       and|   0|  0|   2|           1|           1|
    |and_ln44_6_fu_486_p2     |       and|   0|  0|   2|           1|           1|
    |and_ln44_7_fu_520_p2     |       and|   0|  0|   2|           1|           1|
    |and_ln44_8_fu_544_p2     |       and|   0|  0|   2|           1|           1|
    |and_ln44_9_fu_568_p2     |       and|   0|  0|   2|           1|           1|
    |and_ln44_fu_322_p2       |       and|   0|  0|   2|           1|           1|
    |icmp_ln44_10_fu_578_p2   |      icmp|   0|  0|  14|           6|           4|
    |icmp_ln44_11_fu_602_p2   |      icmp|   0|  0|  14|           6|           4|
    |icmp_ln44_12_fu_626_p2   |      icmp|   0|  0|  14|           6|           4|
    |icmp_ln44_13_fu_650_p2   |      icmp|   0|  0|  14|           6|           4|
    |icmp_ln44_14_fu_674_p2   |      icmp|   0|  0|  14|           6|           4|
    |icmp_ln44_15_fu_708_p2   |      icmp|   0|  0|  10|           2|           1|
    |icmp_ln44_16_fu_732_p2   |      icmp|   0|  0|  14|           6|           5|
    |icmp_ln44_17_fu_756_p2   |      icmp|   0|  0|  14|           6|           5|
    |icmp_ln44_18_fu_780_p2   |      icmp|   0|  0|  14|           6|           5|
    |icmp_ln44_19_fu_804_p2   |      icmp|   0|  0|  14|           6|           5|
    |icmp_ln44_1_fu_342_p2    |      icmp|   0|  0|  13|           5|           1|
    |icmp_ln44_20_fu_828_p2   |      icmp|   0|  0|  14|           6|           5|
    |icmp_ln44_21_fu_852_p2   |      icmp|   0|  0|  14|           6|           5|
    |icmp_ln44_22_fu_876_p2   |      icmp|   0|  0|  14|           6|           5|
    |icmp_ln44_23_fu_900_p2   |      icmp|   0|  0|  14|           6|           5|
    |icmp_ln44_24_fu_924_p2   |      icmp|   0|  0|  14|           6|           5|
    |icmp_ln44_25_fu_948_p2   |      icmp|   0|  0|  14|           6|           5|
    |icmp_ln44_26_fu_972_p2   |      icmp|   0|  0|  14|           6|           5|
    |icmp_ln44_27_fu_996_p2   |      icmp|   0|  0|  14|           6|           5|
    |icmp_ln44_28_fu_1020_p2  |      icmp|   0|  0|  14|           6|           5|
    |icmp_ln44_29_fu_1044_p2  |      icmp|   0|  0|  14|           6|           5|
    |icmp_ln44_2_fu_366_p2    |      icmp|   0|  0|  14|           6|           2|
    |icmp_ln44_30_fu_1068_p2  |      icmp|   0|  0|  14|           6|           5|
    |icmp_ln44_31_fu_1118_p2  |      icmp|   0|  0|  14|           6|           7|
    |icmp_ln44_32_fu_1142_p2  |      icmp|   0|  0|  14|           6|           6|
    |icmp_ln44_33_fu_1166_p2  |      icmp|   0|  0|  14|           6|           6|
    |icmp_ln44_34_fu_1190_p2  |      icmp|   0|  0|  14|           6|           6|
    |icmp_ln44_35_fu_1214_p2  |      icmp|   0|  0|  14|           6|           6|
    |icmp_ln44_36_fu_1238_p2  |      icmp|   0|  0|  14|           6|           6|
    |icmp_ln44_37_fu_1262_p2  |      icmp|   0|  0|  14|           6|           6|
    |icmp_ln44_38_fu_1286_p2  |      icmp|   0|  0|  14|           6|           6|
    |icmp_ln44_39_fu_1310_p2  |      icmp|   0|  0|  14|           6|           6|
    |icmp_ln44_3_fu_400_p2    |      icmp|   0|  0|  13|           4|           1|
    |icmp_ln44_40_fu_1334_p2  |      icmp|   0|  0|  14|           6|           6|
    |icmp_ln44_41_fu_1358_p2  |      icmp|   0|  0|  14|           6|           6|
    |icmp_ln44_42_fu_1382_p2  |      icmp|   0|  0|  14|           6|           6|
    |icmp_ln44_43_fu_1406_p2  |      icmp|   0|  0|  14|           6|           6|
    |icmp_ln44_44_fu_1430_p2  |      icmp|   0|  0|  14|           6|           6|
    |icmp_ln44_45_fu_1454_p2  |      icmp|   0|  0|  14|           6|           6|
    |icmp_ln44_46_fu_1478_p2  |      icmp|   0|  0|  14|           6|           6|
    |icmp_ln44_47_fu_1502_p2  |      icmp|   0|  0|  14|           6|           6|
    |icmp_ln44_48_fu_1526_p2  |      icmp|   0|  0|  14|           6|           5|
    |icmp_ln44_49_fu_1550_p2  |      icmp|   0|  0|  14|           6|           5|
    |icmp_ln44_4_fu_424_p2    |      icmp|   0|  0|  14|           6|           3|
    |icmp_ln44_50_fu_1574_p2  |      icmp|   0|  0|  14|           6|           5|
    |icmp_ln44_51_fu_1598_p2  |      icmp|   0|  0|  14|           6|           5|
    |icmp_ln44_52_fu_1622_p2  |      icmp|   0|  0|  14|           6|           5|
    |icmp_ln44_53_fu_1646_p2  |      icmp|   0|  0|  14|           6|           5|
    |icmp_ln44_54_fu_1670_p2  |      icmp|   0|  0|  14|           6|           5|
    |icmp_ln44_55_fu_1694_p2  |      icmp|   0|  0|  14|           6|           5|
    |icmp_ln44_56_fu_1718_p2  |      icmp|   0|  0|  14|           6|           4|
    |icmp_ln44_57_fu_1742_p2  |      icmp|   0|  0|  14|           6|           4|
    |icmp_ln44_58_fu_1766_p2  |      icmp|   0|  0|  14|           6|           4|
    |icmp_ln44_59_fu_1790_p2  |      icmp|   0|  0|  14|           6|           4|
    |icmp_ln44_5_fu_448_p2    |      icmp|   0|  0|  14|           6|           3|
    |icmp_ln44_60_fu_1814_p2  |      icmp|   0|  0|  14|           6|           3|
    |icmp_ln44_61_fu_1838_p2  |      icmp|   0|  0|  14|           6|           2|
    |icmp_ln44_6_fu_472_p2    |      icmp|   0|  0|  14|           6|           3|
    |icmp_ln44_7_fu_506_p2    |      icmp|   0|  0|  11|           3|           1|
    |icmp_ln44_8_fu_530_p2    |      icmp|   0|  0|  14|           6|           4|
    |icmp_ln44_9_fu_554_p2    |      icmp|   0|  0|  14|           6|           4|
    |icmp_ln44_fu_308_p2      |      icmp|   0|  0|  14|           6|           1|
    +-------------------------+----------+----+---+----+------------+------------+
    |Total                    |          |   0|  0|1679|         608|         529|
    +-------------------------+----------+----+---+----+------------+------------+

    * Multiplexer: 
    +-----------+----+-----------+-----+-----------+
    |    Name   | LUT| Input Size| Bits| Total Bits|
    +-----------+----+-----------+-----+-----------+
    |ap_NS_fsm  |  14|          3|    1|          3|
    +-----------+----+-----------+-----+-----------+
    |Total      |  14|          3|    1|          3|
    +-----------+----+-----------+-----+-----------+

    * Register: 
    +----------------------+---+----+-----+-----------+
    |         Name         | FF| LUT| Bits| Const Bits|
    +----------------------+---+----+-----+-----------+
    |add_ln44_13_reg_2485  |  4|   0|    4|          0|
    |add_ln44_21_reg_2490  |  4|   0|    4|          0|
    |add_ln44_28_reg_2495  |  4|   0|    4|          0|
    |add_ln44_37_reg_2500  |  4|   0|    4|          0|
    |add_ln44_44_reg_2505  |  4|   0|    4|          0|
    |add_ln44_52_reg_2510  |  4|   0|    4|          0|
    |add_ln44_59_reg_2515  |  4|   0|    4|          0|
    |add_ln44_6_reg_2480   |  4|   0|    4|          0|
    |ap_CS_fsm             |  2|   0|    2|          0|
    +----------------------+---+----+-----+-----------+
    |Total                 | 34|   0|   34|          0|
    +----------------------+---+----+-----+-----------+



================================================================
== Interface
================================================================
* Summary: 
+-----------+-----+-----+------------+--------------+--------------+
| RTL Ports | Dir | Bits|  Protocol  | Source Object|    C Type    |
+-----------+-----+-----+------------+--------------+--------------+
|ap_clk     |   in|    1|  ap_ctrl_hs|       bitrank|  return value|
|ap_rst     |   in|    1|  ap_ctrl_hs|       bitrank|  return value|
|ap_start   |   in|    1|  ap_ctrl_hs|       bitrank|  return value|
|ap_done    |  out|    1|  ap_ctrl_hs|       bitrank|  return value|
|ap_idle    |  out|    1|  ap_ctrl_hs|       bitrank|  return value|
|ap_ready   |  out|    1|  ap_ctrl_hs|       bitrank|  return value|
|ap_return  |  out|    7|  ap_ctrl_hs|       bitrank|  return value|
|p_val      |   in|   64|     ap_none|         p_val|        scalar|
|pos_r      |   in|    6|     ap_none|         pos_r|        scalar|
+-----------+-----+-----+------------+--------------+--------------+

