================================================================
== Vivado RTL Synthesis Results
================================================================
+ General Information:
    * Date:            Thu Sep 19 15:46:02 CEST 2024
    * Version:         2023.1 (Build 3854077 on May  4 2023)
    * Project:         bitrank
    * Solution:        solution1 (Vivado IP Flow Target)
    * Product family:  zynq
    * Target device:   xc7z020-clg400-1


================================================================
== Run Constraints & Options
================================================================
+ Design Constraints & Options:
    * RTL Synthesis target clock:  10 ns
    * C-Synthesis target clock:    10 ns
    * C-Synthesis uncertainty:     27%

+ RTL Synthesis Options:
    * config_export -vivado_synth_strategy:     default
    * config_export -vivado_synth_design_args:  -directive sdx_optimization_effort_high

+ Reporting Options:
    * config_export -vivado_report_level:      2
    * config_export -vivado_max_timing_paths:  10


================================================================
== RTL Synthesis Resource Summary
================================================================
LUT:              152
FF:               34
DSP:              0
BRAM:             0
URAM:             0
SRL:              0


================================================================
== RTL Synthesis Timing Summary
================================================================
* Timing was met
+----------------+-------------+
| Timing         | Period (ns) |
+----------------+-------------+
| Target         | 10.000      |
| Post-Synthesis | 1.634       |
+----------------+-------------+


================================================================
== RTL Synthesis Resources
================================================================
+------+-----+----+-----+------+------+-----+--------+------+---------+----------+--------+
| Name | LUT | FF | DSP | BRAM | URAM | SRL | Pragma | Impl | Latency | Variable | Source |
+------+-----+----+-----+------+------+-----+--------+------+---------+----------+--------+
| inst | 152 | 34 |     |      |      |     |        |      |         |          |        |
+------+-----+----+-----+------+------+-----+--------+------+---------+----------+--------+


================================================================
== RTL Synthesis Fail Fast
================================================================
+-----------------------------------------------------------+-----------+--------+--------+
| Criteria                                                  | Guideline | Actual | Status |
+-----------------------------------------------------------+-----------+--------+--------+
| LUT                                                       | 70%       | 0.29%  | OK     |
| FD                                                        | 50%       | 0.03%  | OK     |
| LUTRAM+SRL                                                | 25%       | 0.00%  | OK     |
| MUXF7                                                     | 15%       | 0.00%  | OK     |
| DSP                                                       | 80%       | 0.00%  | OK     |
| RAMB/FIFO                                                 | 80%       | 0.00%  | OK     |
| DSP+RAMB+URAM (Avg)                                       | 70%       | 0.00%  | OK     |
| BUFGCE* + BUFGCTRL                                        | 24        | 0      | OK     |
| DONT_TOUCH (cells/nets)                                   | 0         | 0      | OK     |
| MARK_DEBUG (nets)                                         | 0         | 0      | OK     |
| Control Sets                                              | 998       | 2      | OK     |
| Average Fanout for modules > 100k cells                   | 4         | 0      | OK     |
| Non-FD high fanout nets > 10k loads                       | 0         | 0      | OK     |
+-----------------------------------------------------------+-----------+--------+--------+
| TIMING-6 (No common primary clock between related clocks) | 0         | 0      | OK     |
| TIMING-7 (No common node between related clocks)          | 0         | 0      | OK     |
| TIMING-8 (No common period between related clocks)        | 0         | 0      | OK     |
| TIMING-14 (LUT on the clock tree)                         | 0         | 0      | OK     |
| TIMING-35 (No common node in paths with the same clock)   | 0         | 0      | OK     |
+-----------------------------------------------------------+-----------+--------+--------+
| Number of paths above max LUT budgeting (0.575ns)         | 0         | 0      | OK     |
| Number of paths above max Net budgeting (0.403ns)         | 0         | 0      | OK     |
+-----------------------------------------------------------+-----------+--------+--------+


================================================================
== RTL Synthesis Timing Paths
================================================================
* Timing was met
+-------+-------+--------------------+--------------------------------+--------------+------------+----------------+----------------+--------------+
| Path  | SLACK | STARTPOINT PIN     | ENDPOINT PIN                   | LOGIC LEVELS | MAX FANOUT | DATAPATH DELAY | DATAPATH LOGIC | DATAPATH NET |
|       |       |                    |                                |              |            |                |          DELAY |        DELAY |
+-------+-------+--------------------+--------------------------------+--------------+------------+----------------+----------------+--------------+
| Path1 | 8.366 | ap_CS_fsm_reg[0]/C | ap_CS_fsm_reg[0]/D             |            1 |         35 |          1.627 |          0.813 |        0.814 |
| Path2 | 8.492 | ap_CS_fsm_reg[1]/C | ap_CS_fsm_reg[1]/D             |            1 |          1 |          1.501 |          0.835 |        0.666 |
| Path3 | 8.650 | ap_CS_fsm_reg[0]/C | add_ln44_13_reg_2485_reg[0]/CE |            0 |         35 |          0.926 |          0.518 |        0.408 |
| Path4 | 8.650 | ap_CS_fsm_reg[0]/C | add_ln44_13_reg_2485_reg[1]/CE |            0 |         35 |          0.926 |          0.518 |        0.408 |
| Path5 | 8.650 | ap_CS_fsm_reg[0]/C | add_ln44_13_reg_2485_reg[2]/CE |            0 |         35 |          0.926 |          0.518 |        0.408 |
+-------+-------+--------------------+--------------------------------+--------------+------------+----------------+----------------+--------------+

    +------------------+----------------------+
    | Path1 Cells      | Primitive Type       |
    +------------------+----------------------+
    | ap_CS_fsm_reg[0] | FLOP_LATCH.flop.FDRE |
    | ap_CS_fsm[0]_i_1 | LUT.others.LUT3      |
    +------------------+----------------------+

    +------------------+----------------------+
    | Path2 Cells      | Primitive Type       |
    +------------------+----------------------+
    | ap_CS_fsm_reg[1] | FLOP_LATCH.flop.FDRE |
    | ap_CS_fsm[1]_i_1 | LUT.others.LUT4      |
    +------------------+----------------------+

    +-----------------------------+----------------------+
    | Path3 Cells                 | Primitive Type       |
    +-----------------------------+----------------------+
    | ap_CS_fsm_reg[0]            | FLOP_LATCH.flop.FDRE |
    | add_ln44_13_reg_2485_reg[0] | FLOP_LATCH.flop.FDRE |
    +-----------------------------+----------------------+

    +-----------------------------+----------------------+
    | Path4 Cells                 | Primitive Type       |
    +-----------------------------+----------------------+
    | ap_CS_fsm_reg[0]            | FLOP_LATCH.flop.FDRE |
    | add_ln44_13_reg_2485_reg[1] | FLOP_LATCH.flop.FDRE |
    +-----------------------------+----------------------+

    +-----------------------------+----------------------+
    | Path5 Cells                 | Primitive Type       |
    +-----------------------------+----------------------+
    | ap_CS_fsm_reg[0]            | FLOP_LATCH.flop.FDRE |
    | add_ln44_13_reg_2485_reg[2] | FLOP_LATCH.flop.FDRE |
    +-----------------------------+----------------------+


================================================================
== RTL Synthesis Vivado Reports
================================================================
+--------------------------+----------------------------------------------------------------+
| Report Type              | Report Location                                                |
+--------------------------+----------------------------------------------------------------+
| design_analysis          | impl/verilog/report/bitrank_design_analysis_synth.rpt          |
| failfast                 | impl/verilog/report/bitrank_failfast_synth.rpt                 |
| timing                   | impl/verilog/report/bitrank_timing_synth.rpt                   |
| timing_paths             | impl/verilog/report/bitrank_timing_paths_synth.rpt             |
| utilization              | impl/verilog/report/bitrank_utilization_synth.rpt              |
| utilization_hierarchical | impl/verilog/report/bitrank_utilization_hierarchical_synth.rpt |
+--------------------------+----------------------------------------------------------------+


