================================================================
== Vivado Place & Route Results
================================================================
+ General Information:
    * Date:            Thu Sep 19 15:46:02 CEST 2024
    * Version:         2023.1 (Build 3854077 on May  4 2023)
    * Project:         bitrank
    * Solution:        solution1 (Vivado IP Flow Target)
    * Product family:  zynq
    * Target device:   xc7z020-clg400-1


================================================================
== Run Constraints & Options
================================================================
+ Design Constraints & Options:
    * Place & Route target clock:  10 ns
    * C-Synthesis target clock:    10 ns
    * C-Synthesis uncertainty:     27%

+ RTL Synthesis Options:
    * config_export -vivado_synth_strategy:     default
    * config_export -vivado_synth_design_args:  -directive sdx_optimization_effort_high

+ Place & Route Options:
    * config_export -vivado_impl_strategy:  default
    * config_export -vivado_phys_opt:       none

+ Reporting Options:
    * config_export -vivado_report_level:      2
    * config_export -vivado_max_timing_paths:  10


================================================================
== Place & Route Resource Summary
================================================================
LUT:              151
FF:               34
DSP:              0
BRAM:             0
URAM:             0
SRL:              0


================================================================
== Place & Route Timing Summary
================================================================
* Timing was met
+----------------+-------------+
| Timing         | Period (ns) |
+----------------+-------------+
| Target         | 10.000      |
| Post-Synthesis | 1.634       |
| Post-Route     | 1.883       |
+----------------+-------------+


================================================================
== Place & Route Resources
================================================================
+------+-----+----+-----+------+------+-----+--------+------+---------+----------+--------+
| Name | LUT | FF | DSP | BRAM | URAM | SRL | Pragma | Impl | Latency | Variable | Source |
+------+-----+----+-----+------+------+-----+--------+------+---------+----------+--------+
| inst | 151 | 34 |     |      |      |     |        |      |         |          |        |
+------+-----+----+-----+------+------+-----+--------+------+---------+----------+--------+


================================================================
== Place & Route Fail Fast
================================================================
+-----------------------------------------------------------+-----------+--------+--------+
| Criteria                                                  | Guideline | Actual | Status |
+-----------------------------------------------------------+-----------+--------+--------+
| LUT                                                       | 70%       | 0.28%  | OK     |
| FD                                                        | 50%       | 0.03%  | OK     |
| LUTRAM+SRL                                                | 25%       | 0.00%  | OK     |
| MUXF7                                                     | 15%       | 0.00%  | OK     |
| DSP                                                       | 80%       | 0.00%  | OK     |
| RAMB/FIFO                                                 | 80%       | 0.00%  | OK     |
| DSP+RAMB+URAM (Avg)                                       | 70%       | 0.00%  | OK     |
| BUFGCE* + BUFGCTRL                                        | 24        | 0      | OK     |
| DONT_TOUCH (cells/nets)                                   | 0         | 0      | OK     |
| MARK_DEBUG (nets)                                         | 0         | 0      | OK     |
| Control Sets                                              | 998       | 2      | OK     |
| Average Fanout for modules > 100k cells                   | 4         | 0      | OK     |
| Non-FD high fanout nets > 10k loads                       | 0         | 0      | OK     |
+-----------------------------------------------------------+-----------+--------+--------+
| TIMING-6 (No common primary clock between related clocks) | 0         | 0      | OK     |
| TIMING-7 (No common node between related clocks)          | 0         | 0      | OK     |
| TIMING-8 (No common period between related clocks)        | 0         | 0      | OK     |
| TIMING-14 (LUT on the clock tree)                         | 0         | 0      | OK     |
| TIMING-35 (No common node in paths with the same clock)   | 0         | 0      | OK     |
+-----------------------------------------------------------+-----------+--------+--------+
| Number of paths above max LUT budgeting (0.575ns)         | 0         | 0      | OK     |
| Number of paths above max Net budgeting (0.403ns)         | 0         | 0      | OK     |
+-----------------------------------------------------------+-----------+--------+--------+


================================================================
== Place & Route Timing Paths
================================================================
* Timing was met
+-------+-------+--------------------+--------------------------------+--------------+------------+----------------+----------------+--------------+
| Path  | SLACK | STARTPOINT PIN     | ENDPOINT PIN                   | LOGIC LEVELS | MAX FANOUT | DATAPATH DELAY | DATAPATH LOGIC | DATAPATH NET |
|       |       |                    |                                |              |            |                |          DELAY |        DELAY |
+-------+-------+--------------------+--------------------------------+--------------+------------+----------------+----------------+--------------+
| Path1 | 8.117 | ap_CS_fsm_reg[0]/C | add_ln44_52_reg_2510_reg[2]/CE |            0 |         35 |          1.630 |          0.518 |        1.112 |
| Path2 | 8.117 | ap_CS_fsm_reg[0]/C | add_ln44_52_reg_2510_reg[3]/CE |            0 |         35 |          1.630 |          0.518 |        1.112 |
| Path3 | 8.129 | ap_CS_fsm_reg[0]/C | add_ln44_52_reg_2510_reg[0]/CE |            0 |         35 |          1.618 |          0.518 |        1.100 |
| Path4 | 8.129 | ap_CS_fsm_reg[0]/C | add_ln44_52_reg_2510_reg[1]/CE |            0 |         35 |          1.618 |          0.518 |        1.100 |
| Path5 | 8.173 | ap_CS_fsm_reg[0]/C | add_ln44_21_reg_2490_reg[1]/CE |            0 |         35 |          1.574 |          0.518 |        1.056 |
+-------+-------+--------------------+--------------------------------+--------------+------------+----------------+----------------+--------------+

    +-----------------------------+----------------------+
    | Path1 Cells                 | Primitive Type       |
    +-----------------------------+----------------------+
    | ap_CS_fsm_reg[0]            | FLOP_LATCH.flop.FDRE |
    | add_ln44_52_reg_2510_reg[2] | FLOP_LATCH.flop.FDRE |
    +-----------------------------+----------------------+

    +-----------------------------+----------------------+
    | Path2 Cells                 | Primitive Type       |
    +-----------------------------+----------------------+
    | ap_CS_fsm_reg[0]            | FLOP_LATCH.flop.FDRE |
    | add_ln44_52_reg_2510_reg[3] | FLOP_LATCH.flop.FDRE |
    +-----------------------------+----------------------+

    +-----------------------------+----------------------+
    | Path3 Cells                 | Primitive Type       |
    +-----------------------------+----------------------+
    | ap_CS_fsm_reg[0]            | FLOP_LATCH.flop.FDRE |
    | add_ln44_52_reg_2510_reg[0] | FLOP_LATCH.flop.FDRE |
    +-----------------------------+----------------------+

    +-----------------------------+----------------------+
    | Path4 Cells                 | Primitive Type       |
    +-----------------------------+----------------------+
    | ap_CS_fsm_reg[0]            | FLOP_LATCH.flop.FDRE |
    | add_ln44_52_reg_2510_reg[1] | FLOP_LATCH.flop.FDRE |
    +-----------------------------+----------------------+

    +-----------------------------+----------------------+
    | Path5 Cells                 | Primitive Type       |
    +-----------------------------+----------------------+
    | ap_CS_fsm_reg[0]            | FLOP_LATCH.flop.FDRE |
    | add_ln44_21_reg_2490_reg[1] | FLOP_LATCH.flop.FDRE |
    +-----------------------------+----------------------+


================================================================
== Place & Route Vivado Reports
================================================================
+--------------------------+-----------------------------------------------------------------+
| Report Type              | Report Location                                                 |
+--------------------------+-----------------------------------------------------------------+
| design_analysis          | impl/verilog/report/bitrank_design_analysis_routed.rpt          |
| failfast                 | impl/verilog/report/bitrank_failfast_routed.rpt                 |
| status                   | impl/verilog/report/bitrank_status_routed.rpt                   |
| timing                   | impl/verilog/report/bitrank_timing_routed.rpt                   |
| timing_paths             | impl/verilog/report/bitrank_timing_paths_routed.rpt             |
| utilization              | impl/verilog/report/bitrank_utilization_routed.rpt              |
| utilization_hierarchical | impl/verilog/report/bitrank_utilization_hierarchical_routed.rpt |
+--------------------------+-----------------------------------------------------------------+


