INFO-FLOW: Workspace /home/nour/Bureau/Optimisations/Bitrank/bitrank/solution1 opened at Thu Sep 19 15:40:46 CEST 2024
Execute     ap_set_clock -name default -period 10 -default=false 
INFO: [SYN 201-201] Setting up clock 'default' with a period of 10ns.
Execute     set_part xc7z020-clg400-1 
Execute       create_platform xc7z020-clg400-1 -board  
DBG:HLSDevice: Trying to load device library: /home/nour/Xilinx/Vitis_HLS/2023.1/lib/lnx64.o/libxv_hlsvwrap.so
DBG:HLSDevice: first parts/arch.xml in RDI_DATADIR: /home/nour/Xilinx/Vivado/2023.1/data/parts/arch.xml
DBG:HLSDevice: init success
INFO: [HLS 200-1611] Setting target device to 'xc7z020-clg400-1'
Command       create_platform done; 0.51 sec.
Execute       source /home/nour/Xilinx/Vitis_HLS/2023.1/common/technology/xilinx/common/xilinx.gen 
Execute         source /home/nour/Xilinx/Vitis_HLS/2023.1/common/technology/xilinx/interface/plb46.gen 
Execute         source /home/nour/Xilinx/Vitis_HLS/2023.1/common/technology/xilinx/interface/axi4.gen 
Execute         source /home/nour/Xilinx/Vitis_HLS/2023.1/common/technology/xilinx/interface/nativeAXI4.gen 
Execute           source /home/nour/Xilinx/Vitis_HLS/2023.1/common/technology/xilinx/interface/saxilite.gen 
Execute         source /home/nour/Xilinx/Vitis_HLS/2023.1/common/technology/xilinx/scripts/xilinxcoregen.gen 
Execute         source /home/nour/Xilinx/Vitis_HLS/2023.1/common/technology/xilinx/interface/XilEDKCoreGen.gen 
Execute         source /home/nour/Xilinx/Vitis_HLS/2023.1/common/technology/xilinx/ip/xfir.gen 
Execute         source /home/nour/Xilinx/Vitis_HLS/2023.1/common/technology/xilinx/ip/dds_compiler.gen 
Execute         source /home/nour/Xilinx/Vitis_HLS/2023.1/common/technology/xilinx/ip/xfft.gen 
Execute         source /home/nour/Xilinx/Vitis_HLS/2023.1/common/technology/xilinx/ip/util.gen 
Execute         source /home/nour/Xilinx/Vitis_HLS/2023.1/common/technology/xilinx/DSP48/dsp48.gen 
Execute       ap_part_info -name xc7z020-clg400-1 -data info 
Execute       config_compile -quiet -complex-mul-dsp=0 
Command     set_part done; 0.63 sec.
Execute     send_msg_by_id INFO @200-1505@%s%s  vivado 
INFO: [HLS 200-1505] Using flow_target 'vivado'
Execute     send_msg_by_id INFO @200-1464@%s config_export -flow=impl 
INFO: [HLS 200-1464] Running solution command: config_export -flow=impl
Execute     config_export -flow=impl 
Execute     send_msg_by_id INFO @200-1464@%s config_export -format=ip_catalog 
INFO: [HLS 200-1464] Running solution command: config_export -format=ip_catalog
Execute     config_export -format=ip_catalog 
Execute     send_msg_by_id INFO @200-1464@%s config_export -rtl=verilog 
INFO: [HLS 200-1464] Running solution command: config_export -rtl=verilog
Execute     config_export -rtl=verilog 
Execute     send_msg_by_id INFO @200-1464@%s config_export -vivado_clock=10 
INFO: [HLS 200-1464] Running solution command: config_export -vivado_clock=10
Execute     config_export -vivado_clock=10 
Command   open_solution done; 0.73 sec.
Execute   set_part xc7z020clg400-1 
INFO: [HLS 200-1510] Running: set_part xc7z020clg400-1 
Execute     create_platform xc7z020clg400-1 -board  
Execute     source /home/nour/Xilinx/Vitis_HLS/2023.1/common/technology/xilinx/common/xilinx.gen 
Execute       source /home/nour/Xilinx/Vitis_HLS/2023.1/common/technology/xilinx/interface/plb46.gen 
Execute       source /home/nour/Xilinx/Vitis_HLS/2023.1/common/technology/xilinx/interface/axi4.gen 
Execute       source /home/nour/Xilinx/Vitis_HLS/2023.1/common/technology/xilinx/interface/nativeAXI4.gen 
Execute         source /home/nour/Xilinx/Vitis_HLS/2023.1/common/technology/xilinx/interface/saxilite.gen 
Execute       source /home/nour/Xilinx/Vitis_HLS/2023.1/common/technology/xilinx/scripts/xilinxcoregen.gen 
Execute       source /home/nour/Xilinx/Vitis_HLS/2023.1/common/technology/xilinx/interface/XilEDKCoreGen.gen 
Execute       source /home/nour/Xilinx/Vitis_HLS/2023.1/common/technology/xilinx/ip/xfir.gen 
Execute       source /home/nour/Xilinx/Vitis_HLS/2023.1/common/technology/xilinx/ip/dds_compiler.gen 
Execute       source /home/nour/Xilinx/Vitis_HLS/2023.1/common/technology/xilinx/ip/xfft.gen 
Execute       source /home/nour/Xilinx/Vitis_HLS/2023.1/common/technology/xilinx/ip/util.gen 
Execute       source /home/nour/Xilinx/Vitis_HLS/2023.1/common/technology/xilinx/DSP48/dsp48.gen 
Execute     ap_part_info -name xc7z020-clg400-1 -data info 
Execute     config_compile -quiet -complex-mul-dsp=0 
Command   set_part done; 0.13 sec.
Execute   create_clock -period 10 -name default 
INFO: [HLS 200-1510] Running: create_clock -period 10 -name default 
Execute   config_export -flow impl -format ip_catalog -rtl verilog -vivado_clock 10 
INFO: [HLS 200-1510] Running: config_export -flow impl -format ip_catalog -rtl verilog -vivado_clock 10 
Execute   csynth_design 
INFO: [HLS 200-1510] Running: csynth_design 
INFO-FLOW: Running SLX 'csynth' proc: ::SLX::run_csynth
Execute     elaborate -effort=medium -skip_syncheck=0 -keep_printf=0 -skip_cdt=0 -skip_transform=0 -ng=0 -g=0 -opt_fp=0 -from_csynth_design=1 
INFO: [HLS 200-111] Finished File checks and directory preparation: CPU user time: 0.07 seconds. CPU system time: 0.01 seconds. Elapsed time: 0.09 seconds; current allocated memory: 197.473 MB.
Execute       set_directive_top bitrank -name=bitrank 
Execute       source /home/nour/Xilinx/Vitis_HLS/2023.1/tps/tcl/tcllib1.11.1/yaml/huddle.tcl 
Execute       source /home/nour/Xilinx/Vitis_HLS/2023.1/tps/tcl/tcllib1.11.1/yaml/json2huddle.tcl 
Execute         source /home/nour/Xilinx/Vitis_HLS/2023.1/tps/tcl/tcllib1.11.1/try/try.tcl 
INFO: [HLS 200-10] Analyzing design file 'bitrank.cpp' ... 
INFO-FLOW: Compiling one TU...
INFO-FLOW: Handling bitrank.cpp as C++
Execute       ap_part_info -name xc7z020-clg400-1 -data info 
INFO-FLOW: Running: GCC PP 39
INFO-FLOW: Source preprocessing
INFO-FLOW: run_clang exec: /home/nour/Xilinx/Vitis_HLS/2023.1/lnx64/tools/clang-3.9-csynth/bin/clang bitrank.cpp -foptimization-record-file=/home/nour/Bureau/Optimisations/Bitrank/bitrank/solution1/.autopilot/db/bitrank.cpp.clang.diag.yml -mllvm -pass-remarks-missed=reflow|pasta|unroll -mllvm -pass-remarks=reflow|pasta|unroll|inline -fno-limit-debug-info -gcc-toolchain /home/nour/Xilinx/Vitis_HLS/2023.1/tps/lnx64/gcc-8.3.0 -fhls -fno-exceptions -insert-hls-directive=/home/nour/Bureau/Optimisations/Bitrank/bitrank/solution1/.autopilot/db/all.directive.json -E -fno-math-errno -c -emit-llvm -mllvm -disable-llvm-optzns -Werror=implicit-function-declaration -Werror=implicit-hls-streams -Werror=return-type -Wpragmas -Wunused-parameter -Wdump-hls-pragmas -Wno-error=dump-hls-pragmas -fno-threadsafe-statics -fno-use-cxa-atexit -std=gnu++14 -target fpga64-xilinx-linux-gnu -fno-threadsafe-statics -fno-use-cxa-atexit -D__VITIS_HLS__ -DAESL_SYN -D__SYNTHESIS__ -D__HLS_SYN__ -I /home/nour/Xilinx/Vitis_HLS/2023.1/common/technology/autopilot -I /home/nour/Xilinx/Vitis_HLS/2023.1/common/technology/autopilot/ap_sysc -include etc/autopilot_ssdm_op.h -D__DSP48E1__ -I /usr/include/x86_64-linux-gnu -o /home/nour/Bureau/Optimisations/Bitrank/bitrank/solution1/.autopilot/db/bitrank.pp.0.cpp -hls-platform-db-name=/home/nour/Xilinx/Vitis_HLS/2023.1/common/technology/xilinx/common/platform.db -hls-platform-name=zynq_slow -device-resource-info=BRAM_280.000000_DSP_220.000000_FF_106400.000000_LUT_53200.000000_SLICE_13300.000000_URAM_0.000000 -device-name-info=xc7z020clg400-1 > /home/nour/Bureau/Optimisations/Bitrank/bitrank/solution1/.autopilot/db/bitrank.cpp.clang.out.log 2> /home/nour/Bureau/Optimisations/Bitrank/bitrank/solution1/.autopilot/db/bitrank.cpp.clang.err.log
INFO-FLOW: Done: GCC PP 39 time: 0.2 seconds per iteration
INFO-FLOW: Source syntax check for synthesis
INFO-FLOW: run_clang exec: /home/nour/Xilinx/Vitis_HLS/2023.1/lnx64/tools/clang-3.9-csynth/bin/clang -foptimization-record-file=/home/nour/Bureau/Optimisations/Bitrank/bitrank/solution1/.autopilot/db/clang.diag.yml -mllvm -pass-remarks-missed=reflow|pasta|unroll -mllvm -pass-remarks=reflow|pasta|unroll|inline -fsyntax-only -fhls -target fpga64-xilinx-linux-gnu /home/nour/Bureau/Optimisations/Bitrank/bitrank/solution1/.autopilot/db/bitrank.pp.0.cpp -hls-platform-db-name=/home/nour/Xilinx/Vitis_HLS/2023.1/common/technology/xilinx/common/platform.db -hls-platform-name=zynq_slow -device-resource-info=BRAM_280.000000_DSP_220.000000_FF_106400.000000_LUT_53200.000000_SLICE_13300.000000_URAM_0.000000 -device-name-info=xc7z020clg400-1 > /home/nour/Bureau/Optimisations/Bitrank/bitrank/solution1/.autopilot/db/clang.out.log 2> /home/nour/Bureau/Optimisations/Bitrank/bitrank/solution1/.autopilot/db/clang.err.log
Execute       clang_tidy xilinx-systemc-detector -desc systemc-detector /home/nour/Bureau/Optimisations/Bitrank/bitrank/solution1/.autopilot/db/bitrank.pp.0.cpp std=gnu++14 -target fpga  -directive=/home/nour/Bureau/Optimisations/Bitrank/bitrank/solution1/.autopilot/db/.systemc_flag 
INFO-FLOW: exec /home/nour/Xilinx/Vitis_HLS/2023.1/lnx64/tools/clang-3.9-csynth/bin/clang-tidy -header-filter=.* --checks=-*,xilinx-systemc-detector -import-directive=/home/nour/Bureau/Optimisations/Bitrank/bitrank/solution1/.autopilot/db/.systemc_flag -fix-errors /home/nour/Bureau/Optimisations/Bitrank/bitrank/solution1/.autopilot/db/bitrank.pp.0.cpp -- -std=gnu++14 -target fpga -fhls -ferror-limit=0
Command       clang_tidy done; 0.42 sec.
INFO-FLOW: Running: clang-tidy CDT preprocess 39
Execute       clang_tidy xilinx-directive2pragma -desc directive2pragma /home/nour/Bureau/Optimisations/Bitrank/bitrank/solution1/.autopilot/db/bitrank.pp.0.cpp std=gnu++14 -target fpga  -directive=/home/nour/Bureau/Optimisations/Bitrank/bitrank/solution1/.autopilot/db/all.directive.json 
INFO-FLOW: exec /home/nour/Xilinx/Vitis_HLS/2023.1/lnx64/tools/clang-3.9-csynth/bin/clang-tidy -header-filter=.* --checks=-*,xilinx-directive2pragma -import-directive=/home/nour/Bureau/Optimisations/Bitrank/bitrank/solution1/.autopilot/db/all.directive.json -fix-errors /home/nour/Bureau/Optimisations/Bitrank/bitrank/solution1/.autopilot/db/bitrank.pp.0.cpp -- -std=gnu++14 -target fpga -fhls -ferror-limit=0
Command       clang_tidy done; 0.68 sec.
INFO-FLOW: Done: clang-tidy CDT preprocess 39 time: 0.7 seconds per iteration
INFO-FLOW: Calling xilinx-label-all-loops ... 
INFO-FLOW: Calling xilinx-aggregate-on-hls-vector ... 
Execute       clang_tidy -errorcheck -desc loop-label xilinx-label-all-loops,xilinx-aggregate-on-hls-vector,,xilinx-warn-mayneed-no-ctor-attribute /home/nour/Bureau/Optimisations/Bitrank/bitrank/solution1/.autopilot/db/bitrank.pp.0.cpp std=gnu++14 -target fpga  
INFO-FLOW: run_clang exec: /home/nour/Xilinx/Vitis_HLS/2023.1/lnx64/tools/clang-3.9-csynth/bin/clang-tidy -export-fixes=/home/nour/Bureau/Optimisations/Bitrank/bitrank/solution1/.autopilot/db/bitrank.pp.0.cpp.clang-tidy.loop-label.diag.yml -header-filter=.* --checks=-*,xilinx-label-all-loops,xilinx-aggregate-on-hls-vector,,xilinx-warn-mayneed-no-ctor-attribute -fix-errors /home/nour/Bureau/Optimisations/Bitrank/bitrank/solution1/.autopilot/db/bitrank.pp.0.cpp -- -std=gnu++14 -target fpga -fhls -ferror-limit=0 > /home/nour/Bureau/Optimisations/Bitrank/bitrank/solution1/.autopilot/db/bitrank.pp.0.cpp.clang-tidy.loop-label.out.log 2> /home/nour/Bureau/Optimisations/Bitrank/bitrank/solution1/.autopilot/db/bitrank.pp.0.cpp.clang-tidy.loop-label.err.log
Execute         source /home/nour/Xilinx/Vitis_HLS/2023.1/tps/tcl/tcllib1.11.1/yaml/yaml.tcl 
Command       clang_tidy done; 0.87 sec.
INFO-FLOW: run_clang exec: /home/nour/Xilinx/Vitis_HLS/2023.1/lnx64/tools/clang-3.9-csynth/bin/xilinx-dataflow-lawyer -export-fixes=/home/nour/Bureau/Optimisations/Bitrank/bitrank/solution1/.autopilot/db/bitrank.pp.0.cpp.xilinx-dataflow-lawyer.diag.yml /home/nour/Bureau/Optimisations/Bitrank/bitrank/solution1/.autopilot/db/bitrank.pp.0.cpp -- -std=gnu++14 -target fpga -fhls -ferror-limit=0 -fstrict-dataflow > /home/nour/Bureau/Optimisations/Bitrank/bitrank/solution1/.autopilot/db/bitrank.pp.0.cpp.xilinx-dataflow-lawyer.out.log 2> /home/nour/Bureau/Optimisations/Bitrank/bitrank/solution1/.autopilot/db/bitrank.pp.0.cpp.xilinx-dataflow-lawyer.err.log
Execute       ap_part_info -name xc7z020-clg400-1 -data info 
INFO-FLOW: compiling source code to llvm bc
INFO-FLOW: run_clang exec: /home/nour/Xilinx/Vitis_HLS/2023.1/lnx64/tools/clang-3.9-csynth/bin/clang -foptimization-record-file=/home/nour/Bureau/Optimisations/Bitrank/bitrank/solution1/.autopilot/db/bitrank.pp.0.cpp.clang.diag.yml -mllvm -pass-remarks-missed=reflow|pasta|unroll -mllvm -pass-remarks=reflow|pasta|unroll|inline -fno-limit-debug-info -fhls -flto -fno-exceptions -Wno-error=c++11-narrowing /home/nour/Bureau/Optimisations/Bitrank/bitrank/solution1/.autopilot/db/bitrank.pp.0.cpp -fno-math-errno -c -emit-llvm -mllvm -disable-llvm-optzns -Werror=implicit-function-declaration -Werror=implicit-hls-streams -Werror=return-type -Wpragmas -Wunused-parameter -Wdump-hls-pragmas -Wno-error=dump-hls-pragmas -fno-threadsafe-statics -fno-use-cxa-atexit -std=gnu++14 -target fpga64-xilinx-linux-gnu -D__VITIS_HLS__ -DAESL_SYN -D__SYNTHESIS__ -D__HLS_SYN__ -I /home/nour/Xilinx/Vitis_HLS/2023.1/common/technology/autopilot -I /home/nour/Xilinx/Vitis_HLS/2023.1/common/technology/autopilot/ap_sysc -include etc/autopilot_ssdm_op.h -D__DSP48E1__ -g -o /home/nour/Bureau/Optimisations/Bitrank/bitrank/solution1/.autopilot/db/bitrank.bc -hls-platform-db-name=/home/nour/Xilinx/Vitis_HLS/2023.1/common/technology/xilinx/common/platform.db -hls-platform-name=zynq_slow -device-resource-info=BRAM_280.000000_DSP_220.000000_FF_106400.000000_LUT_53200.000000_SLICE_13300.000000_URAM_0.000000 -device-name-info=xc7z020clg400-1 > /home/nour/Bureau/Optimisations/Bitrank/bitrank/solution1/.autopilot/db/bitrank.pp.0.cpp.clang.out.log 2> /home/nour/Bureau/Optimisations/Bitrank/bitrank/solution1/.autopilot/db/bitrank.pp.0.cpp.clang.err.log
INFO: [HLS 200-111] Finished Source Code Analysis and Preprocessing: CPU user time: 3.22 seconds. CPU system time: 0.6 seconds. Elapsed time: 3.83 seconds; current allocated memory: 198.496 MB.
INFO-FLOW: Linking Debug ...
INFO-FLOW: Linking dut bc code.
Execute       run_link_or_opt -out /home/nour/Bureau/Optimisations/Bitrank/bitrank/solution1/.autopilot/db/a.g.ld.0.bc -args  "/home/nour/Bureau/Optimisations/Bitrank/bitrank/solution1/.autopilot/db/bitrank.g.bc"  
INFO-FLOW: run_clang exec: /home/nour/Xilinx/Vitis_HLS/2023.1/lnx64/tools/clang-3.9-csynth/bin/llvm-link /home/nour/Bureau/Optimisations/Bitrank/bitrank/solution1/.autopilot/db/bitrank.g.bc -o /home/nour/Bureau/Optimisations/Bitrank/bitrank/solution1/.autopilot/db/a.g.ld.0.bc > /home/nour/Bureau/Optimisations/Bitrank/bitrank/solution1/.autopilot/db/a.g.ld.0.bc.llvm-link.out.log 2> /home/nour/Bureau/Optimisations/Bitrank/bitrank/solution1/.autopilot/db/a.g.ld.0.bc.llvm-link.err.log
INFO-FLOW: 
Execute       run_link_or_opt -opt -out /home/nour/Bureau/Optimisations/Bitrank/bitrank/solution1/.autopilot/db/a.g.ld.1.lower.bc -args /home/nour/Bureau/Optimisations/Bitrank/bitrank/solution1/.autopilot/db/a.g.ld.0.bc -reflow-lower-math-intrinsics 
INFO-FLOW: run_clang exec: /home/nour/Xilinx/Vitis_HLS/2023.1/lnx64/tools/clang-3.9-csynth/bin/opt -pass-remarks-missed=reflow|pasta|unroll -pass-remarks=reflow|pasta|unroll|inline -pass-remarks-output=/home/nour/Bureau/Optimisations/Bitrank/bitrank/solution1/.autopilot/db/a.g.ld.1.lower.bc.opt.diag.yml /home/nour/Bureau/Optimisations/Bitrank/bitrank/solution1/.autopilot/db/a.g.ld.0.bc -reflow-lower-math-intrinsics -o /home/nour/Bureau/Optimisations/Bitrank/bitrank/solution1/.autopilot/db/a.g.ld.1.lower.bc > /home/nour/Bureau/Optimisations/Bitrank/bitrank/solution1/.autopilot/db/a.g.ld.1.lower.bc.opt.out.log 2> /home/nour/Bureau/Optimisations/Bitrank/bitrank/solution1/.autopilot/db/a.g.ld.1.lower.bc.opt.err.log
INFO-FLOW: 
INFO-FLOW: Running: gen_design_size_report post-opt
INFO-FLOW: Done: gen_design_size_report post-opt time: 0 seconds per iteration
INFO-FLOW: Linking math bc lib
Execute       run_link_or_opt -out /home/nour/Bureau/Optimisations/Bitrank/bitrank/solution1/.autopilot/db/a.g.ld.2.m1.bc -args /home/nour/Bureau/Optimisations/Bitrank/bitrank/solution1/.autopilot/db/a.g.ld.1.lower.bc -only-needed /home/nour/Xilinx/Vitis_HLS/2023.1/lnx64/lib/libhlsm_39.bc /home/nour/Xilinx/Vitis_HLS/2023.1/lnx64/lib/libhlsmc++_39.bc 
INFO-FLOW: run_clang exec: /home/nour/Xilinx/Vitis_HLS/2023.1/lnx64/tools/clang-3.9-csynth/bin/llvm-link /home/nour/Bureau/Optimisations/Bitrank/bitrank/solution1/.autopilot/db/a.g.ld.1.lower.bc -only-needed /home/nour/Xilinx/Vitis_HLS/2023.1/lnx64/lib/libhlsm_39.bc /home/nour/Xilinx/Vitis_HLS/2023.1/lnx64/lib/libhlsmc++_39.bc -o /home/nour/Bureau/Optimisations/Bitrank/bitrank/solution1/.autopilot/db/a.g.ld.2.m1.bc > /home/nour/Bureau/Optimisations/Bitrank/bitrank/solution1/.autopilot/db/a.g.ld.2.m1.bc.llvm-link.out.log 2> /home/nour/Bureau/Optimisations/Bitrank/bitrank/solution1/.autopilot/db/a.g.ld.2.m1.bc.llvm-link.err.log
INFO-FLOW: 
Command       run_link_or_opt done; 1.86 sec.
Execute       run_link_or_opt -opt -out /home/nour/Bureau/Optimisations/Bitrank/bitrank/solution1/.autopilot/db/a.g.ld.3.fpc.bc -args /home/nour/Bureau/Optimisations/Bitrank/bitrank/solution1/.autopilot/db/a.g.ld.2.m1.bc -reflow-globaldce -hls-top-function-name=bitrank -reflow-float-conversion 
INFO-FLOW: run_clang exec: /home/nour/Xilinx/Vitis_HLS/2023.1/lnx64/tools/clang-3.9-csynth/bin/opt -pass-remarks-missed=reflow|pasta|unroll -pass-remarks=reflow|pasta|unroll|inline -pass-remarks-output=/home/nour/Bureau/Optimisations/Bitrank/bitrank/solution1/.autopilot/db/a.g.ld.3.fpc.bc.opt.diag.yml /home/nour/Bureau/Optimisations/Bitrank/bitrank/solution1/.autopilot/db/a.g.ld.2.m1.bc -reflow-globaldce -hls-top-function-name=bitrank -reflow-float-conversion -o /home/nour/Bureau/Optimisations/Bitrank/bitrank/solution1/.autopilot/db/a.g.ld.3.fpc.bc > /home/nour/Bureau/Optimisations/Bitrank/bitrank/solution1/.autopilot/db/a.g.ld.3.fpc.bc.opt.out.log 2> /home/nour/Bureau/Optimisations/Bitrank/bitrank/solution1/.autopilot/db/a.g.ld.3.fpc.bc.opt.err.log
INFO-FLOW: 
INFO-FLOW: Running: gen_design_size_report post-opt
INFO-FLOW: Done: gen_design_size_report post-opt time: 0 seconds per iteration
Command       run_link_or_opt done; 0.81 sec.
Execute       run_link_or_opt -out /home/nour/Bureau/Optimisations/Bitrank/bitrank/solution1/.autopilot/db/a.g.ld.4.m2.bc -args /home/nour/Bureau/Optimisations/Bitrank/bitrank/solution1/.autopilot/db/a.g.ld.3.fpc.bc -only-needed /home/nour/Xilinx/Vitis_HLS/2023.1/lnx64/lib/libfloatconversion_39.bc 
INFO-FLOW: run_clang exec: /home/nour/Xilinx/Vitis_HLS/2023.1/lnx64/tools/clang-3.9-csynth/bin/llvm-link /home/nour/Bureau/Optimisations/Bitrank/bitrank/solution1/.autopilot/db/a.g.ld.3.fpc.bc -only-needed /home/nour/Xilinx/Vitis_HLS/2023.1/lnx64/lib/libfloatconversion_39.bc -o /home/nour/Bureau/Optimisations/Bitrank/bitrank/solution1/.autopilot/db/a.g.ld.4.m2.bc > /home/nour/Bureau/Optimisations/Bitrank/bitrank/solution1/.autopilot/db/a.g.ld.4.m2.bc.llvm-link.out.log 2> /home/nour/Bureau/Optimisations/Bitrank/bitrank/solution1/.autopilot/db/a.g.ld.4.m2.bc.llvm-link.err.log
INFO-FLOW: 
Execute       run_link_or_opt -opt -out /home/nour/Bureau/Optimisations/Bitrank/bitrank/solution1/.autopilot/db/a.g.ld.5.gdce.bc -args /home/nour/Bureau/Optimisations/Bitrank/bitrank/solution1/.autopilot/db/a.g.ld.4.m2.bc -reflow-globaldce -hls-top-function-name=bitrank 
INFO-FLOW: run_clang exec: /home/nour/Xilinx/Vitis_HLS/2023.1/lnx64/tools/clang-3.9-csynth/bin/opt -pass-remarks-missed=reflow|pasta|unroll -pass-remarks=reflow|pasta|unroll|inline -pass-remarks-output=/home/nour/Bureau/Optimisations/Bitrank/bitrank/solution1/.autopilot/db/a.g.ld.5.gdce.bc.opt.diag.yml /home/nour/Bureau/Optimisations/Bitrank/bitrank/solution1/.autopilot/db/a.g.ld.4.m2.bc -reflow-globaldce -hls-top-function-name=bitrank -o /home/nour/Bureau/Optimisations/Bitrank/bitrank/solution1/.autopilot/db/a.g.ld.5.gdce.bc > /home/nour/Bureau/Optimisations/Bitrank/bitrank/solution1/.autopilot/db/a.g.ld.5.gdce.bc.opt.out.log 2> /home/nour/Bureau/Optimisations/Bitrank/bitrank/solution1/.autopilot/db/a.g.ld.5.gdce.bc.opt.err.log
INFO-FLOW: 
INFO-FLOW: Running: gen_design_size_report post-opt
INFO-FLOW: Done: gen_design_size_report post-opt time: 0 seconds per iteration
Execute       send_msg_by_id INFO @200-777@%s Vivado 
INFO: [HLS 200-777] Using interface defaults for 'Vivado' flow target.
Execute       is_m_axi_addr64 
INFO-FLOW: Doing LTO.
INFO-FLOW: run_clang (background poll_ms 5000) exec: /home/nour/Xilinx/Vitis_HLS/2023.1/lnx64/tools/clang-3.9-csynth/bin/clang -foptimization-record-file=/home/nour/Bureau/Optimisations/Bitrank/bitrank/solution1/.autopilot/db/a.g.ld.0.bc.clang.reflow.diag.yml -mllvm -pass-remarks-missed=reflow|pasta|unroll -mllvm -pass-remarks=reflow|pasta|unroll|inline -fhls -mllvm -hls-top-function-name=bitrank -mllvm -hls-db-dir -mllvm /home/nour/Bureau/Optimisations/Bitrank/bitrank/solution1/.autopilot/db -emit-llvm -c -target fpga64-xilinx-none -mllvm -xcl-xmlinfo=/home/nour/Bureau/Optimisations/Bitrank/bitrank/solution1/.autopilot/db/kernel.internal.xml -mllvm -top-io-mapping-info=/home/nour/Bureau/Optimisations/Bitrank/bitrank/solution1/.autopilot/db/top-io-fe.xml -mllvm -hls-bitcode-version=3.1 -mllvm -reflow-enable-slave-interface-default-setting=true -mllvm -gen-kernel-xml=false -mllvm -default-maxi-offset=slave -mllvm -maxi-latency=0 -mllvm -hls-maxi-data-size-in-bits=8 -mllvm -hls-maxi-max-data-size-in-bits=1024 -mllvm -hls-max-widen-size-in-bits=0 -mllvm -xcl-kernel-max-mem-ports=0 -mllvm -maxi-read-trans=16 -mllvm -maxi-write-trans=16 -mllvm -maxi-read-burst-len=16 -mllvm -maxi-write-burst-len=16 -mllvm -reflow-enable-saxi-64bits=0 -mllvm -reflow-basic-block-instr-threshold=200000 -mllvm -reflow-auto-pipeline-threshold=64 -mllvm -reflow-enable-maxi-auto-id-channel=0 -mllvm -enable-fp-thr=0 -mllvm -reflow-bdd-simplify-threshold=1024 -mllvm -reflow-fanout-threshold=16 -mllvm -assume-maxi-align=1 -mllvm -reflow-pipeline-style-llvm-setting=2 -mllvm -reflow-enable-dataflow-strict-mode-checking=1 -ftime-report -mllvm -time-passes -mllvm -reflow-auto-array-partition-mode=default -mllvm -reflow-enable-auto-array-partition=true -mllvm -reflow-enable-auto-parallel-performance-driven=true -mllvm -reflow-enable-partition-for-automation=true -mllvm -reflow-aggregate-bitwidth-threshold=4096 -mllvm -reflow-reserved-saxilite-registers=1024 -mllvm -reflow-assume-no-address-wrap=true -mllvm -reflow-enable-occurrence-inference=true -mllvm -hls -mllvm -disable-inlined-alloca-merging=true -mllvm -default-clock-period=10 -x ir /home/nour/Bureau/Optimisations/Bitrank/bitrank/solution1/.autopilot/db/a.g.ld.5.gdce.bc -o /home/nour/Bureau/Optimisations/Bitrank/bitrank/solution1/.autopilot/db/a.g.lto.bc -hls-platform-db-name=/home/nour/Xilinx/Vitis_HLS/2023.1/common/technology/xilinx/common/platform.db -hls-platform-name=zynq_slow -device-resource-info=BRAM_280.000000_DSP_220.000000_FF_106400.000000_LUT_53200.000000_SLICE_13300.000000_URAM_0.000000 -device-name-info=xc7z020clg400-1 2> /home/nour/Bureau/Optimisations/Bitrank/bitrank/solution1/.autopilot/db/a.g.ld.0.bc.clang.reflow.err.log
Execute       send_msg_by_id INFO @200-1995@%s%s%s 114 Compile/Link /home/nour/Bureau/Optimisations/Bitrank/bitrank/solution1/syn/report/csynth_design_size.rpt 
INFO: [HLS 200-1995] There were 114 instructions in the design after the 'Compile/Link' phase of compilation. See the Design Size Report for more details: /home/nour/Bureau/Optimisations/Bitrank/bitrank/solution1/syn/report/csynth_design_size.rpt
Execute       send_msg_by_id INFO @200-1995@%s%s%s 579 Unroll/Inline /home/nour/Bureau/Optimisations/Bitrank/bitrank/solution1/syn/report/csynth_design_size.rpt 
INFO: [HLS 200-1995] There were 579 instructions in the design after the 'Unroll/Inline' phase of compilation. See the Design Size Report for more details: /home/nour/Bureau/Optimisations/Bitrank/bitrank/solution1/syn/report/csynth_design_size.rpt
Execute       send_msg_by_id INFO @200-1995@%s%s%s 449 Performance/Pipeline /home/nour/Bureau/Optimisations/Bitrank/bitrank/solution1/syn/report/csynth_design_size.rpt 
INFO: [HLS 200-1995] There were 449 instructions in the design after the 'Performance/Pipeline' phase of compilation. See the Design Size Report for more details: /home/nour/Bureau/Optimisations/Bitrank/bitrank/solution1/syn/report/csynth_design_size.rpt
Execute       send_msg_by_id INFO @200-1995@%s%s%s 451 Optimizations /home/nour/Bureau/Optimisations/Bitrank/bitrank/solution1/syn/report/csynth_design_size.rpt 
INFO: [HLS 200-1995] There were 451 instructions in the design after the 'Optimizations' phase of compilation. See the Design Size Report for more details: /home/nour/Bureau/Optimisations/Bitrank/bitrank/solution1/syn/report/csynth_design_size.rpt
INFO: [HLS 214-186] Unrolling loop 'VITIS_LOOP_42_1' (bitrank.cpp:42:23) in function 'bitrank' completely with a factor of 64 (bitrank.cpp:40:0)
INFO-FLOW: DBG:PUTS: copy_raw_kernel_xml ap_link_39: kernel.xml not generated: /home/nour/Bureau/Optimisations/Bitrank/bitrank/solution1/.autopilot/db/kernel.internal.xml
INFO: [HLS 200-111] Finished Compiling Optimization and Transform: CPU user time: 2.78 seconds. CPU system time: 0.42 seconds. Elapsed time: 7.87 seconds; current allocated memory: 200.352 MB.
INFO: [HLS 200-111] Finished Checking Pragmas: CPU user time: 0 seconds. CPU system time: 0 seconds. Elapsed time: 0 seconds; current allocated memory: 200.352 MB.
Execute       opt_and_import_c a -opt_level=2 -skip_syncheck=0 -ng=0 -keep_printf=0 
Execute         cleanup_all_models 
INFO: [HLS 200-10] Starting code transformations ...
INFO-FLOW: Running Standard Transforms...
Execute         transform -hls -share-std-xform -demangle-name -inline-byval-memcpy -always-inline -promote-dbg-pointer -interface-preproc -mem2reg -scalarrepl -mem2reg -keep-read-access -instcombine -dce -promote-dbg-pointer -bitop-raise -loop-simplify -indvarspre -indvars -loop-simplify -xunroll -constprop -instcombine -simplifycfg -indvars -simplifycfg -dce -globaldce -basicaa -simplifycfg -mem2reg -globalopt -global-constprop -deadargelim -instcombine -simplifycfg -scalarrepl -instcombine -reassociate -licm -simplifycfg -loop-simplify -indvars -instcombine -simplifycfg -mem2reg -loop-simplify -indvars -instcombine -gvn -gvn -instcombine -adce -break-crit-edges -simplifycfg -loop-delete -global-array-opt -dce -dse -adce -find-syn-modules -top bitrank -deadargelim -mem2reg -instcombine -dce -presyn-prepare -auto-rom-infer -interface-preproc -syn-check -check-rec-only -find-region -simplifycfg -func-extr -function-inline -globaldce -mem2reg -instcombine -dce -gvn -globaldce -adce -adse -constprop -instcombine -bit-constprop -instcombine -dce -simplifycfg -bitop-raise -simplifycfg -dce -loop-delete -reassociate -globalopt -global-privatize -mem2reg -dce -global-constprop -pointer-simplify -constprop -dce -auto-shift-reg-idiom -promote-dbg-pointer -norm-name /home/nour/Bureau/Optimisations/Bitrank/bitrank/solution1/.autopilot/db/a.g.0.bc -o /home/nour/Bureau/Optimisations/Bitrank/bitrank/solution1/.autopilot/db/a.g.1.bc -f -phase std-opt 
INFO: [HLS 200-111] Finished Standard Transforms: CPU user time: 0.01 seconds. CPU system time: 0 seconds. Elapsed time: 0.02 seconds; current allocated memory: 200.848 MB.
INFO: [HLS 200-10] Checking synthesizability ...
INFO-FLOW: Checking Synthesizability 1/2..
Execute         transform -hls -syn-check -check-rec-only -scalarrepl -norm-name -dce -mem2reg -instcombine -directive-preproc -mem2reg -dse -dce -auto-rom-infer -dce -pag -array-normalize -instcombine -dce -array-seg-normalize -instcombine -dce -data-pack -instcombine -dce -inst-simplify -array-flatten -instcombine -dce -array-burst -dce -deadargelim -promote-global-argument -simplifycfg -mem2reg -globaldce -dce -deadargelim -dce -instcombine -function-inline -globaldce -dce -doublePtrSimplify -doublePtrElim -dce -doublePtrSimplify -promote-dbg-pointer -dce -scalarrepl -dse -adse -instcombine -ptrLegalization -simplifycfg -dce -instcombine -pointer-simplify -ptrArgReplace -dce -instcombine -resolve-double-ptr -scalarrepl -norm-name -dce -mem2reg -instcombine -ptrLegalization -simplifycfg -deadargelim -instcombine -dce -inst-simplify -directive-preproc -mem2reg -dse -dce -globaldce /home/nour/Bureau/Optimisations/Bitrank/bitrank/solution1/.autopilot/db/a.g.1.bc -o /home/nour/Bureau/Optimisations/Bitrank/bitrank/solution1/.autopilot/db/a.g.2.prechk.bc -f 
INFO-FLOW: Checking Synthesizability 2/2..
Execute         transform -syn-check /home/nour/Bureau/Optimisations/Bitrank/bitrank/solution1/.autopilot/db/a.g.2.prechk.bc -o /home/nour/Bureau/Optimisations/Bitrank/bitrank/solution1/.autopilot/db/a.g.2.bc -f -phase syn-check 
INFO: [HLS 200-111] Finished Checking Synthesizability: CPU user time: 0.01 seconds. CPU system time: 0 seconds. Elapsed time: 0.01 seconds; current allocated memory: 201.031 MB.
INFO-FLOW: Compiler optimizing ...
INFO-FLOW: Share syncheck's 1.bc for syn flow: copy /home/nour/Bureau/Optimisations/Bitrank/bitrank/solution1/.autopilot/db/a.g.1.bc to /home/nour/Bureau/Optimisations/Bitrank/bitrank/solution1/.autopilot/db/a.o.1.bc
INFO-FLOW: Presyn 1...
Execute         transform -hls -tmp /home/nour/Bureau/Optimisations/Bitrank/bitrank/solution1/.autopilot/db -interface-port-rename -directive-preproc -mem2reg -dse -dce -scalarrepl -norm-name -deadargelim -mem2reg -instcombine -dce -simplifycfg -auto-rom-infer -dce -resource-proc -clib-intrinsic-prepare -dce -func-buffer -dce -pag -array-normalize -func-legal -instcombine -gvn -constprop -dce -simplifycfg -mem2reg -globaldce -resolve-double-ptr -dce -deadargelim -dce -instcombine -ptrArgReplace -mem2reg -dce -array-seg-normalize -deadargelim -instcombine -dce -directive-preproc -mem2reg -dse -dce -pointer-simplify -dce -port-alignment -dce -interface-preproc -data-pack -instcombine -dce -basicaa -aggr-aa -aggrmodref-aa -aggr-aa -gvn -gvn -basicaa -aggr-aa -aggrmodref-aa -aggr-aa -dse -adse -adce -loop-simplify -indvars -instcombine -gvn -loop-simplify -mem2reg -dce -find-region -instcombine -auto-loop-pipeline -inst-simplify -interface-preproc -cfgopt -instcombine -indvars -auto-loop-unroll -loop-simplify -loop-bound -xunroll -constprop -instcombine -simplifycfg -indvars -simplifycfg -dce -globaldce -clean-region -attach-range -gvn -inst-simplify -constprop -simplifycfg -dce -pointer-simplify -dce -globalopt -constprop -dce -array-promote -scalar-auto-dep-elim -constprop -dce -ptrArgReplace -mem2reg -simplifycfg -dce -instcombine -dce -array-transform-check -array-reshape -instcombine -simplifycfg -dce -ptrArgReplace -deadargelim -mem2reg -instcombine -simplifycfg -dce -indvars -loop-simplify -loop-bound -xunroll -constprop -instcombine -simplifycfg -indvars -simplifycfg -dce -globaldce -basicaa -aggr-aa -aggrmodref-aa -aggr-aa -dse -duplicate-dataflow-processes -globaldce -instcombine -array-partition -prepare-dynamic-array-partition -instcombine -simplifycfg -dce -ptrArgReplace -global-constprop -deadargelim -mem2reg -func-legal -dce -global-constprop -deadargelim -mem2reg -simplifycfg -dce -merge-param -deadargelim -globalopt -constprop -dce -array-promote -scalar-auto-dep-elim -constprop -dce -ptrArgReplace -mem2reg -simplifycfg -dce -mem-intrinsic-preproc -dce -global-internalize -global-privatize -mem2reg -globaldce -promote-global-argument -ptrArgReplace -mem2reg -dce -globalopt -mergereturn -simplify-global-access -mem2reg -dce -pointer-simplify -dce -functionattrs -basicaa -aggr-aa -aggrmodref-aa -aggr-aa -gvn -gvn -basicaa -aggr-aa -aggrmodref-aa -aggr-aa -dse -adse -adce -dce -norm-name -basicaa -aggr-aa -aggrmodref-aa -aggr-aa -accesses-merge -function-inline -complex-op-raise -inst-simplify -globaldce -func-legal -dce -loop-bound -arraycheck -bitwidthmin2 -bitwidthmin2 -on-by-dataflow -loop-delete -instcombine -simplifycfg -globaldce -dce -gvn -deadargelim -dce -loop-simplify -clean-region -simplifycfg -propagate-stable-arguments -loop-stream -instcombine -simplifycfg -dce -globaldce -duplicate-dataflow-processes -stream-intrinsic-preproc -dce -check-ap-stream -loop-simplify -eliminate-keepreads -extract-dataflow-in-loop -loop-simplify -dce -gvn -deadargelim -dse -duplicate-dataflow-processes -check-dataflow-syntax -legalize-stream-variable -globaldce -legalize-global -extract-subproc -dce -dead-channel-elimination -canonicalize-gep -globaldce -dce -gvn -hls-dead-arg-elim -deadargelim -directive-preproc -canonicalize-dataflow -dce -globaldce -scalar-preprocessing -scalar-propagation2 -deadargelim -globaldce -mem2reg -check-dataflow-channels -function-stream -dce -globaldce -prop-fifo-spec -internal-stream-gen -canonicalize-gep -globaldce -dce -gvn -deadargelim -mergereturn -indvars -loop-simplify -instcombine -array-stream -array-seg-normalize -array-partition -func-legal -instcombine -simplifycfg -dce -bundle-memfifo-ops -deadargelim -directive-preproc -mem2reg -dse -dce -group-axi-access -licm -simplifycfg -dce -loop-delete -hls-display -norm-name /home/nour/Bureau/Optimisations/Bitrank/bitrank/solution1/.autopilot/db/a.o.1.bc -o /home/nour/Bureau/Optimisations/Bitrank/bitrank/solution1/.autopilot/db/a.o.1.tmp.bc -f 
INFO-FLOW: Presyn 2...
Execute         transform -hls -keep-callgraph -scalarrepl -mem2reg -port-alignment -attach-range -dce -pipe-mux-gen -indvars -loop-bound -inst-simplify -instcombine -dce -merge-array-access -mem2reg -dce -clean-region -mergereturn -if-conv -instcombine -dce -constprop -basicaa -aggr-aa -aggrmodref-aa -aggr-aa -gvn -gvn -basicaa -aggr-aa -aggrmodref-aa -aggr-aa -dse -adse -adce -scalarrepl -mem2reg -global-constprop -deadargelim -deadargelim -instcombine -dce -simplifycfg -ptrArgReplace -mem2reg -function-inline -globaldce -mem2reg -instcombine -dce -expr-balance -instcombine -dce -bitwidthmin2 -bitwidthmin2 -interface-preproc -directive-preproc -inst-rectify -instcombine -dce -functionattrs -constprop -instcombine -bit-constprop -simplify-global-access -globalopt -globaldce -inst-simplify -instcombine -elimdeaddata -dce -loop-delete -simplifycfg -loop-simplify -barrier -norm-name /home/nour/Bureau/Optimisations/Bitrank/bitrank/solution1/.autopilot/db/a.o.1.tmp.bc -o /home/nour/Bureau/Optimisations/Bitrank/bitrank/solution1/.autopilot/db/a.o.2.bc -f -phase presyn 
INFO: [XFORM 203-11] Balancing expressions in function 'bitrank' (bitrank.cpp:40:6)...63 expression(s) balanced.
INFO: [HLS 200-111] Finished Loop, function and other optimizations: CPU user time: 0.06 seconds. CPU system time: 0.01 seconds. Elapsed time: 0.06 seconds; current allocated memory: 224.281 MB.
INFO-FLOW: Building ssdm...
Execute         transform -hls -auto-function-inline -globaldce -ptrArgReplace -mem2reg -dce -reset-lda -loop-simplify -indvars -aggr-aa -licm -loop-dep -loop-bound -licm -loop-simplify -loop-sink-hoist -flattenloopnest -array-flatten -gvn -instcombine -dce -array-map -dce -func-legal -gvn -adce -instcombine -cfgopt -simplifycfg-lite -loop-simplify -array-burst -promote-global-argument -dce -array-seg-normalize -basicaa -aggrmodref-aa -globalsmodref-aa -aggr-aa -gvn -gvn -basicaa -aggrmodref-aa -globalsmodref-aa -aggr-aa -dse -adse -adce -licm -inst-simplify -dce -globaldce -instcombine -array-stream -eliminate-keepreads -instcombine -dce -deadargelim -doublePtrSimplify -doublePtrElim -dce -doublePtrSimplify -promote-dbg-pointer -dce -scalarrepl -mem2reg -norm-name -mem2reg -instcombine -dse -adse -adce -ptrLegalization -dce -auto-rom-infer -array-flatten -dce -instcombine -check-doubleptr -loop-rot -constprop -cfgopt -simplifycfg-lite -loop-simplify -indvars -pointer-simplify -dce -loop-bound -loop-simplify -loop-preproc -constprop -global-constprop -gvn -mem2reg -instcombine -dce -loop-bound -loop-merge -dce -deadargelim -dce -canonicalize-dataflow -dce -deadargelim -globaldce -mem2reg -bram-byte-enable -load-elim -read-loop-dep -loop-simplify -loop-extract-inner -directive-preproc -bitwidthmin2 -bitwidthmin2 -read-loop-dep -interface-preproc -directive-preproc -interface-gen -bram-byte-enable-spec-prop -deadargelim -inst-simplify -dce -gvn -mem2reg -instcombine -dce -adse -loop-bound -instcombine -cfgopt -simplifycfg-lite -loop-simplify -clean-region -io-protocol -find-region -mem2reg -bitop-raise -complex-op-raise -inst-simplify -inst-rectify -instcombine -adce -deadargelim -float-op-raise -loop-simplify -phi-opt -bitop-raise -cfgopt -simplifycfg-lite -strip-dead-prototypes -interface-lower -bitop-lower -intrinsic-lower -auto-function-inline -basicaa -aggrmodref-aa -globalsmodref-aa -aggr-aa -inst-simplify -simplifycfg-lite -loop-simplify -mergereturn -inst-simplify -inst-rectify -globaldce -dce -load-elim -bitop-lower -float-op-raise -fma-raise -loop-rewind -pointer-simplify -dce -cfgopt -dce -loop-bound -loop-dep -read-loop-dep -dce -dyn-mem-reuse -dce -recurrence-min -dce -share-scalar-alloca -deadargelim -dce -check-stream -norm-name -legalize -validate-dataflow -inst-clarity -bitwidth -dce -dump-loop-dep-to-ir -check-all-ssdm -dump-complexity-metric -cdfg-build /home/nour/Bureau/Optimisations/Bitrank/bitrank/solution1/.autopilot/db/a.o.2.bc -o /home/nour/Bureau/Optimisations/Bitrank/bitrank/solution1/.autopilot/db/a.o.3.bc -f -phase build-ssdm 
Execute           auto_get_db
INFO: [HLS 200-111] Finished Architecture Synthesis: CPU user time: 0.05 seconds. CPU system time: 0 seconds. Elapsed time: 0.06 seconds; current allocated memory: 224.281 MB.
INFO-FLOW: Finish building internal data model.
Command       opt_and_import_c done; 0.15 sec.
Command     elaborate done; 11.86 sec.
Execute     ap_eval exec zip -j /home/nour/Bureau/Optimisations/Bitrank/bitrank/solution1/.autopilot/db/dut.hcp $dbDir/a.o.3.bc $dbDir/${topname}.rtl_wrap.cfg.tcl $dbDir/apatb_${topname}.cpp $dbDir/apatb_${topname}_util.cpp $dbDir/apatb_${topname}_ir.ll $dbDir/mapper_${topname}.cpp $dbDir/top-io-fe.xml $dbDir/kernel.internal.xml $workdir/../hls.app 
Execute     autosyn -from_csynth_design=1 
INFO: [HLS 200-10] Starting hardware synthesis ...
INFO-FLOW: Synthesizing C/C++ design ...
INFO: [HLS 200-10] Synthesizing 'bitrank' ...
Execute       ap_set_top_model bitrank 
Execute       get_model_list bitrank -filter all-wo-channel -topdown 
Execute       preproc_iomode -model bitrank 
Execute       get_model_list bitrank -filter all-wo-channel 
INFO-FLOW: Model list for configure: bitrank
INFO-FLOW: Configuring Module : bitrank ...
Execute       set_default_model bitrank 
Execute       apply_spec_resource_limit bitrank 
INFO-FLOW: Model list for preprocess: bitrank
INFO-FLOW: Preprocessing Module: bitrank ...
Execute       set_default_model bitrank 
Execute       cdfg_preprocess -model bitrank 
Execute       rtl_gen_preprocess bitrank 
INFO-FLOW: Model list for synthesis: bitrank
INFO: [HLS 200-10] ----------------------------------------------------------------
INFO: [HLS 200-42] -- Implementing module 'bitrank' 
INFO: [HLS 200-10] ----------------------------------------------------------------
Execute       set_default_model bitrank 
Execute       schedule -model bitrank 
INFO: [SCHED 204-11] Starting scheduling ...
INFO: [SCHED 204-11] Finished scheduling.
Command       schedule done; 0.92 sec.
INFO: [HLS 200-111] Finished Scheduling: CPU user time: 0.92 seconds. CPU system time: 0.02 seconds. Elapsed time: 0.95 seconds; current allocated memory: 224.281 MB.
Execute       syn_report -verbosereport -o /home/nour/Bureau/Optimisations/Bitrank/bitrank/solution1/.autopilot/db/bitrank.verbose.sched.rpt 
Execute         list_part -family xc7z020-clg400-1 
Execute           ap_family_info -name xc7z020-clg400-1 -data names 
Execute           ap_part_info -quiet -name xc7z020-clg400-1 -data family 
Execute       db_write -o /home/nour/Bureau/Optimisations/Bitrank/bitrank/solution1/.autopilot/db/bitrank.sched.adb -f 
INFO-FLOW: Finish scheduling bitrank.
Execute       set_default_model bitrank 
Execute       bind -model bitrank 
INFO: [BIND 205-100] Starting micro-architecture generation ...
INFO: [BIND 205-101] Performing variable lifetime analysis.
INFO: [BIND 205-101] Exploring resource sharing.
INFO: [BIND 205-101] Binding ...
INFO: [BIND 205-100] Finished micro-architecture generation.
INFO: [HLS 200-111] Finished Binding: CPU user time: 0.07 seconds. CPU system time: 0.01 seconds. Elapsed time: 0.07 seconds; current allocated memory: 224.281 MB.
Execute       syn_report -verbosereport -o /home/nour/Bureau/Optimisations/Bitrank/bitrank/solution1/.autopilot/db/bitrank.verbose.bind.rpt 
Execute         list_part -family xc7z020-clg400-1 
Execute           ap_family_info -name xc7z020-clg400-1 -data names 
Execute           ap_part_info -quiet -name xc7z020-clg400-1 -data family 
Execute       db_write -o /home/nour/Bureau/Optimisations/Bitrank/bitrank/solution1/.autopilot/db/bitrank.bind.adb -f 
INFO-FLOW: Finish binding bitrank.
Execute       get_model_list bitrank -filter all-wo-channel 
INFO-FLOW: Preprocessing for RTLGen ...
Execute       rtl_gen_preprocess bitrank 
INFO-FLOW: Model list for RTL generation: bitrank
INFO: [HLS 200-10] ----------------------------------------------------------------
INFO: [HLS 200-10] -- Generating RTL for module 'bitrank' 
INFO: [HLS 200-10] ----------------------------------------------------------------
Execute       create_rtl_model bitrank -top_prefix  -sub_prefix bitrank_ -mg_file /home/nour/Bureau/Optimisations/Bitrank/bitrank/solution1/.autopilot/db/bitrank.compgen.tcl 
INFO: [RTGEN 206-500] Setting interface mode on port 'bitrank/p_val' to 'ap_none'.
INFO: [RTGEN 206-500] Setting interface mode on port 'bitrank/pos_r' to 'ap_none'.
INFO: [RTGEN 206-500] Setting interface mode on function 'bitrank' to 'ap_ctrl_hs'.
INFO: [RTGEN 206-100] Finished creating RTL model for 'bitrank'.
INFO: [HLS 200-111] Finished Creating RTL model: CPU user time: 0.07 seconds. CPU system time: 0 seconds. Elapsed time: 0.08 seconds; current allocated memory: 224.281 MB.
Execute       source /home/nour/Bureau/Optimisations/Bitrank/bitrank/solution1/.autopilot/db/bitrank.rtl_wrap.cfg.tcl 
Execute       gen_rtl bitrank -istop -style xilinx -f -lang vhdl -o /home/nour/Bureau/Optimisations/Bitrank/bitrank/solution1/syn/vhdl/bitrank 
Command       gen_rtl done; 0.18 sec.
Execute       gen_rtl bitrank -istop -style xilinx -f -lang vlog -o /home/nour/Bureau/Optimisations/Bitrank/bitrank/solution1/syn/verilog/bitrank 
Execute       syn_report -csynth -model bitrank -o /home/nour/Bureau/Optimisations/Bitrank/bitrank/solution1/syn/report/bitrank_csynth.rpt 
Execute         list_part -family xc7z020-clg400-1 
Execute           ap_family_info -name xc7z020-clg400-1 -data names 
Execute           ap_part_info -quiet -name xc7z020-clg400-1 -data family 
Execute       syn_report -rtlxml -model bitrank -o /home/nour/Bureau/Optimisations/Bitrank/bitrank/solution1/syn/report/bitrank_csynth.xml 
Execute         list_part -family xc7z020-clg400-1 
Execute           ap_family_info -name xc7z020-clg400-1 -data names 
Execute           ap_part_info -quiet -name xc7z020-clg400-1 -data family 
Execute       syn_report -verbosereport -model bitrank -o /home/nour/Bureau/Optimisations/Bitrank/bitrank/solution1/.autopilot/db/bitrank.verbose.rpt 
Execute         list_part -family xc7z020-clg400-1 
Execute           ap_family_info -name xc7z020-clg400-1 -data names 
Execute           ap_part_info -quiet -name xc7z020-clg400-1 -data family 
Command       syn_report done; 0.21 sec.
Execute       db_write -model bitrank -f -o /home/nour/Bureau/Optimisations/Bitrank/bitrank/solution1/.autopilot/db/bitrank.adb 
Command       db_write done; 0.2 sec.
Execute       db_write -model bitrank -bindview -o /home/nour/Bureau/Optimisations/Bitrank/bitrank/solution1/.autopilot/db/design.bindinfo.xml 
Execute       gen_tb_info bitrank -p /home/nour/Bureau/Optimisations/Bitrank/bitrank/solution1/.autopilot/db -o /home/nour/Bureau/Optimisations/Bitrank/bitrank/solution1/.autopilot/db/bitrank 
Execute       export_constraint_db -f -tool general -o /home/nour/Bureau/Optimisations/Bitrank/bitrank/solution1/.autopilot/db/bitrank.constraint.tcl 
Execute       syn_report -designview -model bitrank -o /home/nour/Bureau/Optimisations/Bitrank/bitrank/solution1/.autopilot/db/bitrank.design.xml 
Execute       syn_report -csynthDesign -model bitrank -o /home/nour/Bureau/Optimisations/Bitrank/bitrank/solution1/syn/report/csynth.rpt -MHOut /home/nour/Bureau/Optimisations/Bitrank/bitrank/solution1/.autopilot/db/kernel_module_hierarchy.tcl 
Execute         list_part -family xc7z020-clg400-1 
Execute           ap_family_info -name xc7z020-clg400-1 -data names 
Execute           ap_part_info -quiet -name xc7z020-clg400-1 -data family 
Execute       syn_report -wcfg -model bitrank -o /home/nour/Bureau/Optimisations/Bitrank/bitrank/solution1/.autopilot/db/bitrank_dataflow_ana.wcfg 
Execute       syn_report -protoinst -model bitrank -o /home/nour/Bureau/Optimisations/Bitrank/bitrank/solution1/.autopilot/db/bitrank.protoinst 
Execute       sc_get_clocks bitrank 
Execute       sc_get_portdomain bitrank 
INFO-FLOW: Model list for RTL component generation: bitrank
INFO-FLOW: Handling components in module [bitrank] ... 
Execute       source /home/nour/Bureau/Optimisations/Bitrank/bitrank/solution1/.autopilot/db/bitrank.compgen.tcl 
INFO-FLOW: Append model bitrank
INFO-FLOW: Generating RTL model list ...
INFO-FLOW: All models in this session: bitrank
INFO-FLOW: Generating /home/nour/Bureau/Optimisations/Bitrank/bitrank/solution1/.autopilot/db/autopilot.rtl.models.txt file...
INFO-FLOW: To file: write model bitrank
INFO-FLOW: Generating /home/nour/Bureau/Optimisations/Bitrank/bitrank/solution1/.autopilot/db/autopilot.rtl.models.tcl file...
INFO-FLOW: Finished generating RTL model list.


INFO-FLOW: RTL Generation done.
INFO-FLOW: CAS Generation done.
INFO-FLOW: CBC Generation done.
INFO-FLOW: DBG:PROC: ::AESL_AUTOMG::auto_generate_csynth_design
INFO-FLOW: DBG:PUTS: read_platform_lib /home/nour/Bureau/Optimisations/Bitrank/bitrank/solution1/.autopilot/db/global.setting.tcl
Execute       source /home/nour/Xilinx/Vitis_HLS/2023.1/common/technology/generic/autopilot/common.gen 
Execute         source /home/nour/Xilinx/Vitis_HLS/2023.1/common/technology/generic/autopilot/APCoreGen.gen 
Execute       source /home/nour/Xilinx/Vitis_HLS/2023.1/common/technology/generic/autopilot/op.gen 
Execute       source /home/nour/Xilinx/Vitis_HLS/2023.1/common/technology/generic/autopilot/op_simcore.gen 
Execute       source /home/nour/Xilinx/Vitis_HLS/2023.1/common/technology/generic/autopilot/interface.gen 
Execute       source /home/nour/Bureau/Optimisations/Bitrank/bitrank/solution1/.autopilot/db/global.setting.tcl 
Execute       source /home/nour/Xilinx/Vitis_HLS/2023.1/common/technology/xilinx/common/xilinx.gen 
Execute         source /home/nour/Xilinx/Vitis_HLS/2023.1/common/technology/xilinx/interface/plb46.gen 
Execute         source /home/nour/Xilinx/Vitis_HLS/2023.1/common/technology/xilinx/interface/axi4.gen 
Execute         source /home/nour/Xilinx/Vitis_HLS/2023.1/common/technology/xilinx/interface/nativeAXI4.gen 
Execute           source /home/nour/Xilinx/Vitis_HLS/2023.1/common/technology/xilinx/interface/saxilite.gen 
Execute         source /home/nour/Xilinx/Vitis_HLS/2023.1/common/technology/xilinx/scripts/xilinxcoregen.gen 
Execute         source /home/nour/Xilinx/Vitis_HLS/2023.1/common/technology/xilinx/interface/XilEDKCoreGen.gen 
Execute         source /home/nour/Xilinx/Vitis_HLS/2023.1/common/technology/xilinx/ip/xfir.gen 
Execute         source /home/nour/Xilinx/Vitis_HLS/2023.1/common/technology/xilinx/ip/dds_compiler.gen 
Execute         source /home/nour/Xilinx/Vitis_HLS/2023.1/common/technology/xilinx/ip/xfft.gen 
Execute         source /home/nour/Xilinx/Vitis_HLS/2023.1/common/technology/xilinx/ip/util.gen 
Execute         source /home/nour/Xilinx/Vitis_HLS/2023.1/common/technology/xilinx/DSP48/dsp48.gen 
INFO-FLOW: DBG:PUTS:   using AESL_AUTOCG::g_clock_period=10 (was NA)
INFO-FLOW: DBG:PROC: ::AESL_AUTOMG::generate_ip_cores gen_sim_model='1' gen_fp_models='0' gen_for_export='0' dstSCDir='' dstVhdlDir='/home/nour/Bureau/Optimisations/Bitrank/bitrank/solution1/.autopilot/db/vhdl' dstVlogDir='/home/nour/Bureau/Optimisations/Bitrank/bitrank/solution1/.autopilot/db/vlog' tclDir='/home/nour/Bureau/Optimisations/Bitrank/bitrank/solution1/.autopilot/db' modelList='bitrank
' expOnly='0'
Execute       source /home/nour/Bureau/Optimisations/Bitrank/bitrank/solution1/.autopilot/db/global.setting.tcl 
Execute       ap_part_info -name xc7z020-clg400-1 -data names -quiet 
Execute       ap_part_info -name xc7z020-clg400-1 -data info -quiet 
Execute       source /home/nour/Bureau/Optimisations/Bitrank/bitrank/solution1/.autopilot/db/global.setting.tcl 
Execute       source /home/nour/Bureau/Optimisations/Bitrank/bitrank/solution1/.autopilot/db/global.setting.tcl 
Execute       source /home/nour/Bureau/Optimisations/Bitrank/bitrank/solution1/.autopilot/db/bitrank.compgen.tcl 
INFO: [HLS 200-111] Finished Generating all RTL models: CPU user time: 0.83 seconds. CPU system time: 0.02 seconds. Elapsed time: 0.85 seconds; current allocated memory: 231.848 MB.
INFO-FLOW: DBG:PROC: ::HLSREPORTS::create_csynth_xml bind_info_var='bind_info' RtlSubPrefix='bitrank_' outfile=''
INFO-FLOW: Running: create_csynth_xml read xml data
INFO-FLOW: Done: create_csynth_xml read xml data time: 0 seconds per iteration
INFO-FLOW: Running: create_csynth_xml bind info
INFO-FLOW: Done: create_csynth_xml bind info time: 0 seconds per iteration
INFO-FLOW: Running: create_csynth_xml config info
INFO-FLOW: Done: create_csynth_xml config info time: 0.1 seconds per iteration
INFO-FLOW: Running: create_csynth_xml write xml
INFO-FLOW: Done: create_csynth_xml write xml time: 0 seconds per iteration
INFO-FLOW: DBG:PUTS:      create_csynth_xml wrote csynth_xml=/home/nour/Bureau/Optimisations/Bitrank/bitrank/solution1/syn/report/csynth.xml
INFO-FLOW: DBG:PROC: ::AP::DESIGN_DATA::generate_json generate_bd_files='0' generate_xo_files='0' modelList='bitrank
' rtl_lang='both' bootstrap_tcl='false' outdir='' outfilename=''
Execute       source /home/nour/Bureau/Optimisations/Bitrank/bitrank/solution1/.autopilot/db/global.setting.tcl 
Execute       source /home/nour/Bureau/Optimisations/Bitrank/bitrank/solution1/.autopilot/db/global.setting.tcl 
Execute       source /home/nour/Bureau/Optimisations/Bitrank/bitrank/solution1/.autopilot/db/top-io-be.tcl 
Execute       source /home/nour/Bureau/Optimisations/Bitrank/bitrank/solution1/.autopilot/db/bitrank.tbgen.tcl 
Execute       source /home/nour/Bureau/Optimisations/Bitrank/bitrank/solution1/.autopilot/db/bitrank.rtl_wrap.cfg.tcl 
Execute       source /home/nour/Bureau/Optimisations/Bitrank/bitrank/solution1/.autopilot/db/bitrank.compgen.dataonly.tcl 
Execute       source /home/nour/Bureau/Optimisations/Bitrank/bitrank/solution1/.autopilot/db/bitrank.tbgen.tcl 
Execute       source /home/nour/Bureau/Optimisations/Bitrank/bitrank/solution1/.autopilot/db/global.setting.tcl 
Execute       ap_part_info -name xc7z020-clg400-1 -data names -quiet 
Execute       ap_part_info -name xc7z020-clg400-1 -data info -quiet 
Execute       source /home/nour/Bureau/Optimisations/Bitrank/bitrank/solution1/.autopilot/db/bitrank.constraint.tcl 
Execute       sc_get_clocks bitrank 
Execute       source /home/nour/Bureau/Optimisations/Bitrank/bitrank/solution1/.autopilot/db/global.setting.tcl 
INFO-FLOW: DBG:PROC: ::HLSREPORTS::add_csynth_report_sections bind_info_dict='adapter_nodes {} report_dict {TOPINST bitrank MODULE2INSTS {bitrank bitrank} INST2MODULE {bitrank bitrank} INSTDATA {bitrank {DEPTH 1 CHILDREN {}}} MODULEDATA {bitrank {BINDINFO {{BINDTYPE op ID {} IMPL fabric LATENCY 0 OPTYPE add PRAGMA {} RTLNAME add_ln44_fu_1862_p2 SOURCE bitrank.cpp:44 VARIABLE add_ln44 LOOP {} BUNDLEDNAME {} DSP 0 BRAM 0 URAM 0 DISPNAME {bind_op add}} {BINDTYPE op ID {} IMPL fabric LATENCY 0 OPTYPE add PRAGMA {} RTLNAME add_ln44_1_fu_1872_p2 SOURCE bitrank.cpp:44 VARIABLE add_ln44_1 LOOP {} BUNDLEDNAME {} DSP 0 BRAM 0 URAM 0 DISPNAME {bind_op add}} {BINDTYPE op ID {} IMPL fabric LATENCY 0 OPTYPE add PRAGMA {} RTLNAME add_ln44_2_fu_1882_p2 SOURCE bitrank.cpp:44 VARIABLE add_ln44_2 LOOP {} BUNDLEDNAME {} DSP 0 BRAM 0 URAM 0 DISPNAME {bind_op add}} {BINDTYPE op ID {} IMPL fabric LATENCY 0 OPTYPE add PRAGMA {} RTLNAME add_ln44_3_fu_1892_p2 SOURCE bitrank.cpp:44 VARIABLE add_ln44_3 LOOP {} BUNDLEDNAME {} DSP 0 BRAM 0 URAM 0 DISPNAME {bind_op add}} {BINDTYPE op ID {} IMPL fabric LATENCY 0 OPTYPE add PRAGMA {} RTLNAME add_ln44_4_fu_1902_p2 SOURCE bitrank.cpp:44 VARIABLE add_ln44_4 LOOP {} BUNDLEDNAME {} DSP 0 BRAM 0 URAM 0 DISPNAME {bind_op add}} {BINDTYPE op ID {} IMPL fabric LATENCY 0 OPTYPE add PRAGMA {} RTLNAME add_ln44_5_fu_1912_p2 SOURCE bitrank.cpp:44 VARIABLE add_ln44_5 LOOP {} BUNDLEDNAME {} DSP 0 BRAM 0 URAM 0 DISPNAME {bind_op add}} {BINDTYPE op ID {} IMPL fabric LATENCY 0 OPTYPE add PRAGMA {} RTLNAME add_ln44_6_fu_1922_p2 SOURCE bitrank.cpp:44 VARIABLE add_ln44_6 LOOP {} BUNDLEDNAME {} DSP 0 BRAM 0 URAM 0 DISPNAME {bind_op add}} {BINDTYPE op ID {} IMPL fabric LATENCY 0 OPTYPE add PRAGMA {} RTLNAME add_ln44_7_fu_1928_p2 SOURCE bitrank.cpp:44 VARIABLE add_ln44_7 LOOP {} BUNDLEDNAME {} DSP 0 BRAM 0 URAM 0 DISPNAME {bind_op add}} {BINDTYPE op ID {} IMPL fabric LATENCY 0 OPTYPE add PRAGMA {} RTLNAME add_ln44_8_fu_1938_p2 SOURCE bitrank.cpp:44 VARIABLE add_ln44_8 LOOP {} BUNDLEDNAME {} DSP 0 BRAM 0 URAM 0 DISPNAME {bind_op add}} {BINDTYPE op ID {} IMPL fabric LATENCY 0 OPTYPE add PRAGMA {} RTLNAME add_ln44_9_fu_1948_p2 SOURCE bitrank.cpp:44 VARIABLE add_ln44_9 LOOP {} BUNDLEDNAME {} DSP 0 BRAM 0 URAM 0 DISPNAME {bind_op add}} {BINDTYPE op ID {} IMPL fabric LATENCY 0 OPTYPE add PRAGMA {} RTLNAME add_ln44_10_fu_1958_p2 SOURCE bitrank.cpp:44 VARIABLE add_ln44_10 LOOP {} BUNDLEDNAME {} DSP 0 BRAM 0 URAM 0 DISPNAME {bind_op add}} {BINDTYPE op ID {} IMPL fabric LATENCY 0 OPTYPE add PRAGMA {} RTLNAME add_ln44_11_fu_1968_p2 SOURCE bitrank.cpp:44 VARIABLE add_ln44_11 LOOP {} BUNDLEDNAME {} DSP 0 BRAM 0 URAM 0 DISPNAME {bind_op add}} {BINDTYPE op ID {} IMPL fabric LATENCY 0 OPTYPE add PRAGMA {} RTLNAME add_ln44_12_fu_1978_p2 SOURCE bitrank.cpp:44 VARIABLE add_ln44_12 LOOP {} BUNDLEDNAME {} DSP 0 BRAM 0 URAM 0 DISPNAME {bind_op add}} {BINDTYPE op ID {} IMPL fabric LATENCY 0 OPTYPE add PRAGMA {} RTLNAME add_ln44_13_fu_1988_p2 SOURCE bitrank.cpp:44 VARIABLE add_ln44_13 LOOP {} BUNDLEDNAME {} DSP 0 BRAM 0 URAM 0 DISPNAME {bind_op add}} {BINDTYPE op ID {} IMPL fabric LATENCY 0 OPTYPE add PRAGMA {} RTLNAME add_ln44_14_fu_2396_p2 SOURCE bitrank.cpp:44 VARIABLE add_ln44_14 LOOP {} BUNDLEDNAME {} DSP 0 BRAM 0 URAM 0 DISPNAME {bind_op add}} {BINDTYPE op ID {} IMPL fabric LATENCY 0 OPTYPE add PRAGMA {} RTLNAME add_ln44_15_fu_1994_p2 SOURCE bitrank.cpp:44 VARIABLE add_ln44_15 LOOP {} BUNDLEDNAME {} DSP 0 BRAM 0 URAM 0 DISPNAME {bind_op add}} {BINDTYPE op ID {} IMPL fabric LATENCY 0 OPTYPE add PRAGMA {} RTLNAME add_ln44_16_fu_2004_p2 SOURCE bitrank.cpp:44 VARIABLE add_ln44_16 LOOP {} BUNDLEDNAME {} DSP 0 BRAM 0 URAM 0 DISPNAME {bind_op add}} {BINDTYPE op ID {} IMPL fabric LATENCY 0 OPTYPE add PRAGMA {} RTLNAME add_ln44_17_fu_2014_p2 SOURCE bitrank.cpp:44 VARIABLE add_ln44_17 LOOP {} BUNDLEDNAME {} DSP 0 BRAM 0 URAM 0 DISPNAME {bind_op add}} {BINDTYPE op ID {} IMPL fabric LATENCY 0 OPTYPE add PRAGMA {} RTLNAME add_ln44_18_fu_2024_p2 SOURCE bitrank.cpp:44 VARIABLE add_ln44_18 LOOP {} BUNDLEDNAME {} DSP 0 BRAM 0 URAM 0 DISPNAME {bind_op add}} {BINDTYPE op ID {} IMPL fabric LATENCY 0 OPTYPE add PRAGMA {} RTLNAME add_ln44_19_fu_2034_p2 SOURCE bitrank.cpp:44 VARIABLE add_ln44_19 LOOP {} BUNDLEDNAME {} DSP 0 BRAM 0 URAM 0 DISPNAME {bind_op add}} {BINDTYPE op ID {} IMPL fabric LATENCY 0 OPTYPE add PRAGMA {} RTLNAME add_ln44_20_fu_2044_p2 SOURCE bitrank.cpp:44 VARIABLE add_ln44_20 LOOP {} BUNDLEDNAME {} DSP 0 BRAM 0 URAM 0 DISPNAME {bind_op add}} {BINDTYPE op ID {} IMPL fabric LATENCY 0 OPTYPE add PRAGMA {} RTLNAME add_ln44_21_fu_2054_p2 SOURCE bitrank.cpp:44 VARIABLE add_ln44_21 LOOP {} BUNDLEDNAME {} DSP 0 BRAM 0 URAM 0 DISPNAME {bind_op add}} {BINDTYPE op ID {} IMPL fabric LATENCY 0 OPTYPE add PRAGMA {} RTLNAME add_ln44_22_fu_2060_p2 SOURCE bitrank.cpp:44 VARIABLE add_ln44_22 LOOP {} BUNDLEDNAME {} DSP 0 BRAM 0 URAM 0 DISPNAME {bind_op add}} {BINDTYPE op ID {} IMPL fabric LATENCY 0 OPTYPE add PRAGMA {} RTLNAME add_ln44_23_fu_2070_p2 SOURCE bitrank.cpp:44 VARIABLE add_ln44_23 LOOP {} BUNDLEDNAME {} DSP 0 BRAM 0 URAM 0 DISPNAME {bind_op add}} {BINDTYPE op ID {} IMPL fabric LATENCY 0 OPTYPE add PRAGMA {} RTLNAME add_ln44_24_fu_2080_p2 SOURCE bitrank.cpp:44 VARIABLE add_ln44_24 LOOP {} BUNDLEDNAME {} DSP 0 BRAM 0 URAM 0 DISPNAME {bind_op add}} {BINDTYPE op ID {} IMPL fabric LATENCY 0 OPTYPE add PRAGMA {} RTLNAME add_ln44_25_fu_2090_p2 SOURCE bitrank.cpp:44 VARIABLE add_ln44_25 LOOP {} BUNDLEDNAME {} DSP 0 BRAM 0 URAM 0 DISPNAME {bind_op add}} {BINDTYPE op ID {} IMPL fabric LATENCY 0 OPTYPE add PRAGMA {} RTLNAME add_ln44_26_fu_2100_p2 SOURCE bitrank.cpp:44 VARIABLE add_ln44_26 LOOP {} BUNDLEDNAME {} DSP 0 BRAM 0 URAM 0 DISPNAME {bind_op add}} {BINDTYPE op ID {} IMPL fabric LATENCY 0 OPTYPE add PRAGMA {} RTLNAME add_ln44_27_fu_2110_p2 SOURCE bitrank.cpp:44 VARIABLE add_ln44_27 LOOP {} BUNDLEDNAME {} DSP 0 BRAM 0 URAM 0 DISPNAME {bind_op add}} {BINDTYPE op ID {} IMPL fabric LATENCY 0 OPTYPE add PRAGMA {} RTLNAME add_ln44_28_fu_2120_p2 SOURCE bitrank.cpp:44 VARIABLE add_ln44_28 LOOP {} BUNDLEDNAME {} DSP 0 BRAM 0 URAM 0 DISPNAME {bind_op add}} {BINDTYPE op ID {} IMPL fabric LATENCY 0 OPTYPE add PRAGMA {} RTLNAME add_ln44_29_fu_2412_p2 SOURCE bitrank.cpp:44 VARIABLE add_ln44_29 LOOP {} BUNDLEDNAME {} DSP 0 BRAM 0 URAM 0 DISPNAME {bind_op add}} {BINDTYPE op ID {} IMPL fabric LATENCY 0 OPTYPE add PRAGMA {} RTLNAME add_ln44_30_fu_2422_p2 SOURCE bitrank.cpp:44 VARIABLE add_ln44_30 LOOP {} BUNDLEDNAME {} DSP 0 BRAM 0 URAM 0 DISPNAME {bind_op add}} {BINDTYPE op ID {} IMPL fabric LATENCY 0 OPTYPE add PRAGMA {} RTLNAME add_ln44_31_fu_2126_p2 SOURCE bitrank.cpp:44 VARIABLE add_ln44_31 LOOP {} BUNDLEDNAME {} DSP 0 BRAM 0 URAM 0 DISPNAME {bind_op add}} {BINDTYPE op ID {} IMPL fabric LATENCY 0 OPTYPE add PRAGMA {} RTLNAME add_ln44_32_fu_2136_p2 SOURCE bitrank.cpp:44 VARIABLE add_ln44_32 LOOP {} BUNDLEDNAME {} DSP 0 BRAM 0 URAM 0 DISPNAME {bind_op add}} {BINDTYPE op ID {} IMPL fabric LATENCY 0 OPTYPE add PRAGMA {} RTLNAME add_ln44_33_fu_2146_p2 SOURCE bitrank.cpp:44 VARIABLE add_ln44_33 LOOP {} BUNDLEDNAME {} DSP 0 BRAM 0 URAM 0 DISPNAME {bind_op add}} {BINDTYPE op ID {} IMPL fabric LATENCY 0 OPTYPE add PRAGMA {} RTLNAME add_ln44_34_fu_2156_p2 SOURCE bitrank.cpp:44 VARIABLE add_ln44_34 LOOP {} BUNDLEDNAME {} DSP 0 BRAM 0 URAM 0 DISPNAME {bind_op add}} {BINDTYPE op ID {} IMPL fabric LATENCY 0 OPTYPE add PRAGMA {} RTLNAME add_ln44_35_fu_2166_p2 SOURCE bitrank.cpp:44 VARIABLE add_ln44_35 LOOP {} BUNDLEDNAME {} DSP 0 BRAM 0 URAM 0 DISPNAME {bind_op add}} {BINDTYPE op ID {} IMPL fabric LATENCY 0 OPTYPE add PRAGMA {} RTLNAME add_ln44_36_fu_2176_p2 SOURCE bitrank.cpp:44 VARIABLE add_ln44_36 LOOP {} BUNDLEDNAME {} DSP 0 BRAM 0 URAM 0 DISPNAME {bind_op add}} {BINDTYPE op ID {} IMPL fabric LATENCY 0 OPTYPE add PRAGMA {} RTLNAME add_ln44_37_fu_2186_p2 SOURCE bitrank.cpp:44 VARIABLE add_ln44_37 LOOP {} BUNDLEDNAME {} DSP 0 BRAM 0 URAM 0 DISPNAME {bind_op add}} {BINDTYPE op ID {} IMPL fabric LATENCY 0 OPTYPE add PRAGMA {} RTLNAME add_ln44_38_fu_2192_p2 SOURCE bitrank.cpp:44 VARIABLE add_ln44_38 LOOP {} BUNDLEDNAME {} DSP 0 BRAM 0 URAM 0 DISPNAME {bind_op add}} {BINDTYPE op ID {} IMPL fabric LATENCY 0 OPTYPE add PRAGMA {} RTLNAME add_ln44_39_fu_2202_p2 SOURCE bitrank.cpp:44 VARIABLE add_ln44_39 LOOP {} BUNDLEDNAME {} DSP 0 BRAM 0 URAM 0 DISPNAME {bind_op add}} {BINDTYPE op ID {} IMPL fabric LATENCY 0 OPTYPE add PRAGMA {} RTLNAME add_ln44_40_fu_2212_p2 SOURCE bitrank.cpp:44 VARIABLE add_ln44_40 LOOP {} BUNDLEDNAME {} DSP 0 BRAM 0 URAM 0 DISPNAME {bind_op add}} {BINDTYPE op ID {} IMPL fabric LATENCY 0 OPTYPE add PRAGMA {} RTLNAME add_ln44_41_fu_2222_p2 SOURCE bitrank.cpp:44 VARIABLE add_ln44_41 LOOP {} BUNDLEDNAME {} DSP 0 BRAM 0 URAM 0 DISPNAME {bind_op add}} {BINDTYPE op ID {} IMPL fabric LATENCY 0 OPTYPE add PRAGMA {} RTLNAME add_ln44_42_fu_2232_p2 SOURCE bitrank.cpp:44 VARIABLE add_ln44_42 LOOP {} BUNDLEDNAME {} DSP 0 BRAM 0 URAM 0 DISPNAME {bind_op add}} {BINDTYPE op ID {} IMPL fabric LATENCY 0 OPTYPE add PRAGMA {} RTLNAME add_ln44_43_fu_2242_p2 SOURCE bitrank.cpp:44 VARIABLE add_ln44_43 LOOP {} BUNDLEDNAME {} DSP 0 BRAM 0 URAM 0 DISPNAME {bind_op add}} {BINDTYPE op ID {} IMPL fabric LATENCY 0 OPTYPE add PRAGMA {} RTLNAME add_ln44_44_fu_2252_p2 SOURCE bitrank.cpp:44 VARIABLE add_ln44_44 LOOP {} BUNDLEDNAME {} DSP 0 BRAM 0 URAM 0 DISPNAME {bind_op add}} {BINDTYPE op ID {} IMPL fabric LATENCY 0 OPTYPE add PRAGMA {} RTLNAME add_ln44_45_fu_2438_p2 SOURCE bitrank.cpp:44 VARIABLE add_ln44_45 LOOP {} BUNDLEDNAME {} DSP 0 BRAM 0 URAM 0 DISPNAME {bind_op add}} {BINDTYPE op ID {} IMPL fabric LATENCY 0 OPTYPE add PRAGMA {} RTLNAME add_ln44_46_fu_2258_p2 SOURCE bitrank.cpp:44 VARIABLE add_ln44_46 LOOP {} BUNDLEDNAME {} DSP 0 BRAM 0 URAM 0 DISPNAME {bind_op add}} {BINDTYPE op ID {} IMPL fabric LATENCY 0 OPTYPE add PRAGMA {} RTLNAME add_ln44_47_fu_2268_p2 SOURCE bitrank.cpp:44 VARIABLE add_ln44_47 LOOP {} BUNDLEDNAME {} DSP 0 BRAM 0 URAM 0 DISPNAME {bind_op add}} {BINDTYPE op ID {} IMPL fabric LATENCY 0 OPTYPE add PRAGMA {} RTLNAME add_ln44_48_fu_2278_p2 SOURCE bitrank.cpp:44 VARIABLE add_ln44_48 LOOP {} BUNDLEDNAME {} DSP 0 BRAM 0 URAM 0 DISPNAME {bind_op add}} {BINDTYPE op ID {} IMPL fabric LATENCY 0 OPTYPE add PRAGMA {} RTLNAME add_ln44_49_fu_2288_p2 SOURCE bitrank.cpp:44 VARIABLE add_ln44_49 LOOP {} BUNDLEDNAME {} DSP 0 BRAM 0 URAM 0 DISPNAME {bind_op add}} {BINDTYPE op ID {} IMPL fabric LATENCY 0 OPTYPE add PRAGMA {} RTLNAME add_ln44_50_fu_2298_p2 SOURCE bitrank.cpp:44 VARIABLE add_ln44_50 LOOP {} BUNDLEDNAME {} DSP 0 BRAM 0 URAM 0 DISPNAME {bind_op add}} {BINDTYPE op ID {} IMPL fabric LATENCY 0 OPTYPE add PRAGMA {} RTLNAME add_ln44_51_fu_2308_p2 SOURCE bitrank.cpp:44 VARIABLE add_ln44_51 LOOP {} BUNDLEDNAME {} DSP 0 BRAM 0 URAM 0 DISPNAME {bind_op add}} {BINDTYPE op ID {} IMPL fabric LATENCY 0 OPTYPE add PRAGMA {} RTLNAME add_ln44_52_fu_2318_p2 SOURCE bitrank.cpp:44 VARIABLE add_ln44_52 LOOP {} BUNDLEDNAME {} DSP 0 BRAM 0 URAM 0 DISPNAME {bind_op add}} {BINDTYPE op ID {} IMPL fabric LATENCY 0 OPTYPE add PRAGMA {} RTLNAME add_ln44_53_fu_2324_p2 SOURCE bitrank.cpp:44 VARIABLE add_ln44_53 LOOP {} BUNDLEDNAME {} DSP 0 BRAM 0 URAM 0 DISPNAME {bind_op add}} {BINDTYPE op ID {} IMPL fabric LATENCY 0 OPTYPE add PRAGMA {} RTLNAME add_ln44_54_fu_2334_p2 SOURCE bitrank.cpp:44 VARIABLE add_ln44_54 LOOP {} BUNDLEDNAME {} DSP 0 BRAM 0 URAM 0 DISPNAME {bind_op add}} {BINDTYPE op ID {} IMPL fabric LATENCY 0 OPTYPE add PRAGMA {} RTLNAME add_ln44_55_fu_2344_p2 SOURCE bitrank.cpp:44 VARIABLE add_ln44_55 LOOP {} BUNDLEDNAME {} DSP 0 BRAM 0 URAM 0 DISPNAME {bind_op add}} {BINDTYPE op ID {} IMPL fabric LATENCY 0 OPTYPE add PRAGMA {} RTLNAME add_ln44_56_fu_2354_p2 SOURCE bitrank.cpp:44 VARIABLE add_ln44_56 LOOP {} BUNDLEDNAME {} DSP 0 BRAM 0 URAM 0 DISPNAME {bind_op add}} {BINDTYPE op ID {} IMPL fabric LATENCY 0 OPTYPE add PRAGMA {} RTLNAME add_ln44_57_fu_2364_p2 SOURCE bitrank.cpp:44 VARIABLE add_ln44_57 LOOP {} BUNDLEDNAME {} DSP 0 BRAM 0 URAM 0 DISPNAME {bind_op add}} {BINDTYPE op ID {} IMPL fabric LATENCY 0 OPTYPE add PRAGMA {} RTLNAME add_ln44_58_fu_2374_p2 SOURCE bitrank.cpp:44 VARIABLE add_ln44_58 LOOP {} BUNDLEDNAME {} DSP 0 BRAM 0 URAM 0 DISPNAME {bind_op add}} {BINDTYPE op ID {} IMPL fabric LATENCY 0 OPTYPE add PRAGMA {} RTLNAME add_ln44_59_fu_2384_p2 SOURCE bitrank.cpp:44 VARIABLE add_ln44_59 LOOP {} BUNDLEDNAME {} DSP 0 BRAM 0 URAM 0 DISPNAME {bind_op add}} {BINDTYPE op ID {} IMPL fabric LATENCY 0 OPTYPE add PRAGMA {} RTLNAME add_ln44_60_fu_2454_p2 SOURCE bitrank.cpp:44 VARIABLE add_ln44_60 LOOP {} BUNDLEDNAME {} DSP 0 BRAM 0 URAM 0 DISPNAME {bind_op add}} {BINDTYPE op ID {} IMPL fabric LATENCY 0 OPTYPE add PRAGMA {} RTLNAME add_ln44_61_fu_2464_p2 SOURCE bitrank.cpp:44 VARIABLE add_ln44_61 LOOP {} BUNDLEDNAME {} DSP 0 BRAM 0 URAM 0 DISPNAME {bind_op add}} {BINDTYPE op ID {} IMPL fabric LATENCY 0 OPTYPE add PRAGMA {} RTLNAME ap_return SOURCE bitrank.cpp:44 VARIABLE count_1 LOOP {} BUNDLEDNAME {} DSP 0 BRAM 0 URAM 0 DISPNAME {bind_op add}}} AREA {DSP 0 BRAM 0 URAM 0}}}}'
INFO-FLOW: DBG:PUTS:      update_csynth_reports json2rpt_hw_sw_interfaces
INFO-FLOW: Running: gen_csynth_sec_pragma
INFO-FLOW: Done: gen_csynth_sec_pragma time: 0 seconds per iteration
INFO-FLOW: DBG:PUTS:      update_csynth_reports wrote xml
INFO-FLOW: DBG:PUTS:      update_csynth_reports appended to csynth rpt file
INFO: [HLS 200-111] Finished Updating report files: CPU user time: 0.22 seconds. CPU system time: 0.03 seconds. Elapsed time: 0.25 seconds; current allocated memory: 240.867 MB.
INFO: [VHDL 208-304] Generating VHDL RTL for bitrank.
INFO: [VLOG 209-307] Generating Verilog RTL for bitrank.
Execute       syn_report -model bitrank -printsummary 
INFO: [HLS 200-789] **** Estimated Fmax: 151.40 MHz
Command     autosyn done; 2.19 sec.
Command   csynth_design done; 14.15 sec.
INFO: [HLS 200-111] Finished Command csynth_design CPU user time: 8.33 seconds. CPU system time: 1.13 seconds. Elapsed time: 14.15 seconds; current allocated memory: 43.461 MB.
Command ap_source done; 15.03 sec.
Execute cleanup_all 
INFO-FLOW: Workspace /home/nour/Bureau/Optimisations/Bitrank/bitrank/solution1 opened at Thu Sep 19 15:42:27 CEST 2024
Execute     ap_set_clock -name default -period 10 -default=false 
INFO: [SYN 201-201] Setting up clock 'default' with a period of 10ns.
Execute     set_part xc7z020clg400-1 
Execute       create_platform xc7z020clg400-1 -board  
DBG:HLSDevice: Trying to load device library: /home/nour/Xilinx/Vitis_HLS/2023.1/lib/lnx64.o/libxv_hlsvwrap.so
DBG:HLSDevice: first parts/arch.xml in RDI_DATADIR: /home/nour/Xilinx/Vivado/2023.1/data/parts/arch.xml
DBG:HLSDevice: init success
INFO: [HLS 200-1611] Setting target device to 'xc7z020-clg400-1'
Command       create_platform done; 0.54 sec.
Execute       source /home/nour/Xilinx/Vitis_HLS/2023.1/common/technology/xilinx/common/xilinx.gen 
Execute         source /home/nour/Xilinx/Vitis_HLS/2023.1/common/technology/xilinx/interface/plb46.gen 
Execute         source /home/nour/Xilinx/Vitis_HLS/2023.1/common/technology/xilinx/interface/axi4.gen 
Execute         source /home/nour/Xilinx/Vitis_HLS/2023.1/common/technology/xilinx/interface/nativeAXI4.gen 
Execute           source /home/nour/Xilinx/Vitis_HLS/2023.1/common/technology/xilinx/interface/saxilite.gen 
Execute         source /home/nour/Xilinx/Vitis_HLS/2023.1/common/technology/xilinx/scripts/xilinxcoregen.gen 
Execute         source /home/nour/Xilinx/Vitis_HLS/2023.1/common/technology/xilinx/interface/XilEDKCoreGen.gen 
Execute         source /home/nour/Xilinx/Vitis_HLS/2023.1/common/technology/xilinx/ip/xfir.gen 
Execute         source /home/nour/Xilinx/Vitis_HLS/2023.1/common/technology/xilinx/ip/dds_compiler.gen 
Execute         source /home/nour/Xilinx/Vitis_HLS/2023.1/common/technology/xilinx/ip/xfft.gen 
Execute         source /home/nour/Xilinx/Vitis_HLS/2023.1/common/technology/xilinx/ip/util.gen 
Execute         source /home/nour/Xilinx/Vitis_HLS/2023.1/common/technology/xilinx/DSP48/dsp48.gen 
Execute       ap_part_info -name xc7z020-clg400-1 -data info 
Execute       config_compile -quiet -complex-mul-dsp=0 
Command     set_part done; 0.67 sec.
Execute     send_msg_by_id INFO @200-1505@%s%s  vivado 
INFO: [HLS 200-1505] Using flow_target 'vivado'
Execute     send_msg_by_id INFO @200-1464@%s config_export -flow=impl 
INFO: [HLS 200-1464] Running solution command: config_export -flow=impl
Execute     config_export -flow=impl 
Execute     send_msg_by_id INFO @200-1464@%s config_export -format=ip_catalog 
INFO: [HLS 200-1464] Running solution command: config_export -format=ip_catalog
Execute     config_export -format=ip_catalog 
Execute     send_msg_by_id INFO @200-1464@%s config_export -rtl=verilog 
INFO: [HLS 200-1464] Running solution command: config_export -rtl=verilog
Execute     config_export -rtl=verilog 
Execute     send_msg_by_id INFO @200-1464@%s config_export -vivado_clock=10 
INFO: [HLS 200-1464] Running solution command: config_export -vivado_clock=10
Execute     config_export -vivado_clock=10 
Command   open_solution done; 0.76 sec.
Execute   set_part xc7z020clg400-1 
INFO: [HLS 200-1510] Running: set_part xc7z020clg400-1 
Execute     create_platform xc7z020clg400-1 -board  
Execute     source /home/nour/Xilinx/Vitis_HLS/2023.1/common/technology/xilinx/common/xilinx.gen 
Execute       source /home/nour/Xilinx/Vitis_HLS/2023.1/common/technology/xilinx/interface/plb46.gen 
Execute       source /home/nour/Xilinx/Vitis_HLS/2023.1/common/technology/xilinx/interface/axi4.gen 
Execute       source /home/nour/Xilinx/Vitis_HLS/2023.1/common/technology/xilinx/interface/nativeAXI4.gen 
Execute         source /home/nour/Xilinx/Vitis_HLS/2023.1/common/technology/xilinx/interface/saxilite.gen 
Execute       source /home/nour/Xilinx/Vitis_HLS/2023.1/common/technology/xilinx/scripts/xilinxcoregen.gen 
Execute       source /home/nour/Xilinx/Vitis_HLS/2023.1/common/technology/xilinx/interface/XilEDKCoreGen.gen 
Execute       source /home/nour/Xilinx/Vitis_HLS/2023.1/common/technology/xilinx/ip/xfir.gen 
Execute       source /home/nour/Xilinx/Vitis_HLS/2023.1/common/technology/xilinx/ip/dds_compiler.gen 
Execute       source /home/nour/Xilinx/Vitis_HLS/2023.1/common/technology/xilinx/ip/xfft.gen 
Execute       source /home/nour/Xilinx/Vitis_HLS/2023.1/common/technology/xilinx/ip/util.gen 
Execute       source /home/nour/Xilinx/Vitis_HLS/2023.1/common/technology/xilinx/DSP48/dsp48.gen 
Execute     ap_part_info -name xc7z020-clg400-1 -data info 
Execute     config_compile -quiet -complex-mul-dsp=0 
Command   set_part done; 0.14 sec.
Execute   create_clock -period 10 -name default 
INFO: [HLS 200-1510] Running: create_clock -period 10 -name default 
Execute     ap_set_clock -name default -period 10 -default=false 
INFO: [SYN 201-201] Setting up clock 'default' with a period of 10ns.
Execute   config_export -flow impl -format ip_catalog -rtl verilog -vivado_clock 10 
INFO: [HLS 200-1510] Running: config_export -flow impl -format ip_catalog -rtl verilog -vivado_clock 10 
Execute   export_design -flow impl -rtl verilog -format ip_catalog 
INFO: [HLS 200-1510] Running: export_design -flow impl -rtl verilog -format ip_catalog 
Execute     config_export -flow=impl -format=ip_catalog -rtl=verilog 
INFO-FLOW: DBG:PUTS: export_design_wrap: -format ip_catalog -flow impl -rtl verilog
Execute     source /home/nour/Bureau/Optimisations/Bitrank/bitrank/solution1/.autopilot/db/global.setting.tcl 
INFO-FLOW: DBG:PUTS:   auto_impl: pack: -export -rtl verilog
INFO-FLOW: DBG:PROC: ::AESL_AUTOIMPL::auto_impl args='-export -rtl verilog'
Execute     source /home/nour/Bureau/Optimisations/Bitrank/bitrank/solution1/.autopilot/db/global.setting.tcl 
INFO: [IMPL 213-8] Exporting RTL as a Vivado IP.
INFO-FLOW: DBG:PUTS: automg_wrap -export -pcore_version 1.00.a -rtl vlog -tool Vivado -impltomg_flag
INFO-FLOW: DBG:PROC: ::AESL_AUTOMG::auto_generate args='-export -pcore_version 1.00.a -rtl vlog -tool Vivado -impltomg_flag'
INFO-FLOW: DBG:PUTS:     auto_generate -export -pcore_version 1.00.a -rtl vlog -tool Vivado -impltomg_flag
Execute     source /home/nour/Bureau/Optimisations/Bitrank/bitrank/solution1/.autopilot/db/global.setting.tcl 
INFO-FLOW: DBG:PUTS: read_platform_lib /home/nour/Bureau/Optimisations/Bitrank/bitrank/solution1/.autopilot/db/global.setting.tcl
Execute     source /home/nour/Xilinx/Vitis_HLS/2023.1/common/technology/generic/autopilot/common.gen 
Execute       source /home/nour/Xilinx/Vitis_HLS/2023.1/common/technology/generic/autopilot/APCoreGen.gen 
Execute     source /home/nour/Xilinx/Vitis_HLS/2023.1/common/technology/generic/autopilot/op.gen 
Execute     source /home/nour/Xilinx/Vitis_HLS/2023.1/common/technology/generic/autopilot/op_simcore.gen 
Execute     source /home/nour/Xilinx/Vitis_HLS/2023.1/common/technology/generic/autopilot/interface.gen 
Execute     source /home/nour/Bureau/Optimisations/Bitrank/bitrank/solution1/.autopilot/db/global.setting.tcl 
Execute     source /home/nour/Xilinx/Vitis_HLS/2023.1/common/technology/xilinx/common/xilinx.gen 
Execute       source /home/nour/Xilinx/Vitis_HLS/2023.1/common/technology/xilinx/interface/plb46.gen 
Execute       source /home/nour/Xilinx/Vitis_HLS/2023.1/common/technology/xilinx/interface/axi4.gen 
Execute       source /home/nour/Xilinx/Vitis_HLS/2023.1/common/technology/xilinx/interface/nativeAXI4.gen 
Execute         source /home/nour/Xilinx/Vitis_HLS/2023.1/common/technology/xilinx/interface/saxilite.gen 
Execute       source /home/nour/Xilinx/Vitis_HLS/2023.1/common/technology/xilinx/scripts/xilinxcoregen.gen 
Execute       source /home/nour/Xilinx/Vitis_HLS/2023.1/common/technology/xilinx/interface/XilEDKCoreGen.gen 
Execute       source /home/nour/Xilinx/Vitis_HLS/2023.1/common/technology/xilinx/ip/xfir.gen 
Execute       source /home/nour/Xilinx/Vitis_HLS/2023.1/common/technology/xilinx/ip/dds_compiler.gen 
Execute       source /home/nour/Xilinx/Vitis_HLS/2023.1/common/technology/xilinx/ip/xfft.gen 
Execute       source /home/nour/Xilinx/Vitis_HLS/2023.1/common/technology/xilinx/ip/util.gen 
Execute       source /home/nour/Xilinx/Vitis_HLS/2023.1/common/technology/xilinx/DSP48/dsp48.gen 
Command     ap_source done; 0.11 sec.
INFO-FLOW: DBG:PUTS:   using AESL_AUTOCG::g_clock_period=10 (was NA)
INFO-FLOW: DBG:PUTS:       initCTypeInfo top_module=bitrank xml_exists=0
Execute     source /home/nour/Bureau/Optimisations/Bitrank/bitrank/solution1/.autopilot/db/bitrank.rtl_wrap.cfg.tcl 
Execute     source /home/nour/Bureau/Optimisations/Bitrank/bitrank/solution1/.autopilot/db/bitrank.rtl_wrap.cfg.tcl 
Execute     source /home/nour/Bureau/Optimisations/Bitrank/bitrank/solution1/.autopilot/db/bitrank.rtl_wrap.cfg.tcl 
Execute     source /home/nour/Bureau/Optimisations/Bitrank/bitrank/solution1/.autopilot/db/bitrank.tbgen.tcl 
Execute     source /home/nour/Bureau/Optimisations/Bitrank/bitrank/solution1/.autopilot/db/bitrank.tbgen.tcl 
Execute     source /home/nour/Bureau/Optimisations/Bitrank/bitrank/solution1/.autopilot/db/global.setting.tcl 
Execute     source /home/nour/Bureau/Optimisations/Bitrank/bitrank/solution1/.autopilot/db/bitrank.tbgen.tcl 
INFO-FLOW: DBG:PUTS:       cosim_export_main adding deadlock detection to bitrank
INFO-FLOW: DBG:PUTS: Skipping loadAnalyze_DB, #g_database=3
INFO-FLOW: DBG:PUTS:       generate_json generate_bd_files=0 generate_xo_files=false #modelList=1 #gSsdmPorts=0
INFO-FLOW: DBG:PROC: ::AP::DESIGN_DATA::generate_json generate_bd_files='0' generate_xo_files='false' modelList='bitrank
' rtl_lang='vlog' bootstrap_tcl='false' outdir='' outfilename=''
Execute     source /home/nour/Xilinx/Vitis_HLS/2023.1/tps/tcl/tcllib1.11.1/yaml/huddle.tcl 
Execute     source /home/nour/Xilinx/Vitis_HLS/2023.1/tps/tcl/tcllib1.11.1/yaml/json2huddle.tcl 
Execute       source /home/nour/Xilinx/Vitis_HLS/2023.1/tps/tcl/tcllib1.11.1/try/try.tcl 
Execute     source /home/nour/Bureau/Optimisations/Bitrank/bitrank/solution1/.autopilot/db/global.setting.tcl 
Execute     source /home/nour/Bureau/Optimisations/Bitrank/bitrank/solution1/.autopilot/db/global.setting.tcl 
Execute     source /home/nour/Bureau/Optimisations/Bitrank/bitrank/solution1/.autopilot/db/top-io-be.tcl 
Execute     source /home/nour/Bureau/Optimisations/Bitrank/bitrank/solution1/.autopilot/db/bitrank.tbgen.tcl 
Execute     source /home/nour/Bureau/Optimisations/Bitrank/bitrank/solution1/.autopilot/db/bitrank.rtl_wrap.cfg.tcl 
Execute     source /home/nour/Bureau/Optimisations/Bitrank/bitrank/solution1/.autopilot/db/bitrank.compgen.dataonly.tcl 
Execute     source /home/nour/Bureau/Optimisations/Bitrank/bitrank/solution1/.autopilot/db/bitrank.tbgen.tcl 
Execute     source /home/nour/Bureau/Optimisations/Bitrank/bitrank/solution1/.autopilot/db/global.setting.tcl 
Execute     ap_part_info -name xc7z020-clg400-1 -data names -quiet 
Execute     ap_part_info -name xc7z020-clg400-1 -data info -quiet 
Execute     source /home/nour/Bureau/Optimisations/Bitrank/bitrank/solution1/.autopilot/db/bitrank.constraint.tcl 
Execute     sc_get_clocks bitrank 
Execute     source /home/nour/Bureau/Optimisations/Bitrank/bitrank/solution1/.autopilot/db/global.setting.tcl 
Execute     source /home/nour/Bureau/Optimisations/Bitrank/bitrank/solution1/.autopilot/db/global.setting.tcl 
Execute     source /home/nour/Bureau/Optimisations/Bitrank/bitrank/solution1/.autopilot/db/bitrank.tbgen.tcl 
INFO-FLOW: DBG:PUTS:       cosim_export_main adding deadlock detection to bitrank
INFO-FLOW: DBG:PUTS:       generate_ip_script #gSsdmPorts=0 g_lang=vlog is_sdaccel=false is_sdsoc=true xo_file=
Execute     ap_part_info -name xc7z020-clg400-1 -data names -quiet 
Execute     ap_part_info -name xc7z020-clg400-1 -data info -quiet 
Execute     ap_part_info -name xc7z020-clg400-1 -data names -quiet 
Execute     ap_part_info -name xc7z020-clg400-1 -data info -quiet 
Execute     source /home/nour/Bureau/Optimisations/Bitrank/bitrank/solution1/.autopilot/db/bitrank.tbgen.tcl 
Execute     source /home/nour/Bureau/Optimisations/Bitrank/bitrank/solution1/.autopilot/db/bitrank.tbgen.tcl 
Execute     source /home/nour/Bureau/Optimisations/Bitrank/bitrank/solution1/.autopilot/db/bitrank.tbgen.tcl 
Execute     source /home/nour/Bureau/Optimisations/Bitrank/bitrank/solution1/.autopilot/db/global.setting.tcl 
INFO-FLOW: DBG:PUTS:       generate_top_info
INFO-FLOW: DBG:PUTS:       prepArgInfo -> loadAnalyze_DB top_module=bitrank
Execute     source /home/nour/Bureau/Optimisations/Bitrank/bitrank/solution1/.autopilot/db/bitrank.rtl_wrap.cfg.tcl 
Execute     source /home/nour/Bureau/Optimisations/Bitrank/bitrank/solution1/.autopilot/db/bitrank.rtl_wrap.cfg.tcl 
Execute     source /home/nour/Bureau/Optimisations/Bitrank/bitrank/solution1/.autopilot/db/bitrank.rtl_wrap.cfg.tcl 
Execute     source /home/nour/Bureau/Optimisations/Bitrank/bitrank/solution1/.autopilot/db/bitrank.tbgen.tcl 
Execute     source /home/nour/Bureau/Optimisations/Bitrank/bitrank/solution1/.autopilot/db/bitrank.tbgen.tcl 
Execute     ap_part_info -name xc7z020-clg400-1 -data names -quiet 
Execute     ap_part_info -name xc7z020-clg400-1 -data info -quiet 
Execute     ap_part_info -name xc7z020-clg400-1 -data names -quiet 
Execute     ap_part_info -name xc7z020-clg400-1 -data info -quiet 
Execute     source /home/nour/Bureau/Optimisations/Bitrank/bitrank/solution1/.autopilot/db/bitrank.tbgen.tcl 
Execute     source /home/nour/Bureau/Optimisations/Bitrank/bitrank/solution1/.autopilot/db/global.setting.tcl 
Execute     source /home/nour/Bureau/Optimisations/Bitrank/bitrank/solution1/.autopilot/db/bitrank.constraint.tcl 
INFO-FLOW: DBG:PUTS:       generate_syn_sh
Execute     ap_part_info -name xc7z020-clg400-1 -data names -quiet 
Execute     ap_part_info -name xc7z020-clg400-1 -data info -quiet 
Execute     source /home/nour/Bureau/Optimisations/Bitrank/bitrank/solution1/.autopilot/db/global.setting.tcl 
INFO-FLOW: DBG:PUTS:       generate_imp_constraints
Execute     ap_part_info -name xc7z020-clg400-1 -data names -quiet 
Execute     ap_part_info -name xc7z020-clg400-1 -data info -quiet 
Execute     source /home/nour/Bureau/Optimisations/Bitrank/bitrank/solution1/.autopilot/db/bitrank.constraint.tcl 
Execute     source /home/nour/Bureau/Optimisations/Bitrank/bitrank/solution1/.autopilot/db/bitrank.tbgen.tcl 
INFO-FLOW: DBG:PUTS:       delete-temp-dirs (skipped for debug)
Execute     ap_part_info -name xc7z020-clg400-1 -data names -quiet 
Execute     ap_part_info -name xc7z020-clg400-1 -data info -quiet 
INFO-FLOW: DBG:PUTS: read_platform_lib /home/nour/Bureau/Optimisations/Bitrank/bitrank/solution1/.autopilot/db/global.setting.tcl
Execute     source /home/nour/Xilinx/Vitis_HLS/2023.1/common/technology/generic/autopilot/common.gen 
Execute       source /home/nour/Xilinx/Vitis_HLS/2023.1/common/technology/generic/autopilot/APCoreGen.gen 
Execute     source /home/nour/Xilinx/Vitis_HLS/2023.1/common/technology/generic/autopilot/op.gen 
Execute     source /home/nour/Xilinx/Vitis_HLS/2023.1/common/technology/generic/autopilot/op_simcore.gen 
Execute     source /home/nour/Xilinx/Vitis_HLS/2023.1/common/technology/generic/autopilot/interface.gen 
Execute     source /home/nour/Bureau/Optimisations/Bitrank/bitrank/solution1/.autopilot/db/global.setting.tcl 
Execute     source /home/nour/Xilinx/Vitis_HLS/2023.1/common/technology/xilinx/common/xilinx.gen 
Execute       source /home/nour/Xilinx/Vitis_HLS/2023.1/common/technology/xilinx/interface/plb46.gen 
Execute       source /home/nour/Xilinx/Vitis_HLS/2023.1/common/technology/xilinx/interface/axi4.gen 
Execute       source /home/nour/Xilinx/Vitis_HLS/2023.1/common/technology/xilinx/interface/nativeAXI4.gen 
Execute         source /home/nour/Xilinx/Vitis_HLS/2023.1/common/technology/xilinx/interface/saxilite.gen 
Execute       source /home/nour/Xilinx/Vitis_HLS/2023.1/common/technology/xilinx/scripts/xilinxcoregen.gen 
Execute       source /home/nour/Xilinx/Vitis_HLS/2023.1/common/technology/xilinx/interface/XilEDKCoreGen.gen 
Execute       source /home/nour/Xilinx/Vitis_HLS/2023.1/common/technology/xilinx/ip/xfir.gen 
Execute       source /home/nour/Xilinx/Vitis_HLS/2023.1/common/technology/xilinx/ip/dds_compiler.gen 
Execute       source /home/nour/Xilinx/Vitis_HLS/2023.1/common/technology/xilinx/ip/xfft.gen 
Execute       source /home/nour/Xilinx/Vitis_HLS/2023.1/common/technology/xilinx/ip/util.gen 
Execute       source /home/nour/Xilinx/Vitis_HLS/2023.1/common/technology/xilinx/DSP48/dsp48.gen 
INFO-FLOW: DBG:PUTS:     IP package: exec /home/nour/Bureau/Optimisations/Bitrank/bitrank/solution1/impl/ip/pack.sh
INFO-FLOW: DBG:PUTS:     IP package: success /home/nour/Bureau/Optimisations/Bitrank/bitrank/solution1/impl/ip/pack.sh
INFO-FLOW: DBG:PUTS:   auto_impl: eval: -flow impl -rtl verilog
INFO-FLOW: DBG:PROC: ::AESL_AUTOIMPL::auto_impl args='-flow impl -rtl verilog'
Execute     source /home/nour/Bureau/Optimisations/Bitrank/bitrank/solution1/.autopilot/db/global.setting.tcl 
INFO: [IMPL 213-8] Starting RTL evaluation using Vivado ...
INFO-FLOW: DBG:PUTS: automg_wrap -rtl vlog -tool Vivado -impltomg_flag
INFO-FLOW: DBG:PROC: ::AESL_AUTOMG::auto_generate args='-rtl vlog -tool Vivado -impltomg_flag'
INFO-FLOW: DBG:PUTS:     auto_generate -rtl vlog -tool Vivado -impltomg_flag
Execute     source /home/nour/Bureau/Optimisations/Bitrank/bitrank/solution1/.autopilot/db/global.setting.tcl 
INFO-FLOW: DBG:PUTS: read_platform_lib /home/nour/Bureau/Optimisations/Bitrank/bitrank/solution1/.autopilot/db/global.setting.tcl
Execute     source /home/nour/Xilinx/Vitis_HLS/2023.1/common/technology/generic/autopilot/common.gen 
Execute       source /home/nour/Xilinx/Vitis_HLS/2023.1/common/technology/generic/autopilot/APCoreGen.gen 
Execute     source /home/nour/Xilinx/Vitis_HLS/2023.1/common/technology/generic/autopilot/op.gen 
Execute     source /home/nour/Xilinx/Vitis_HLS/2023.1/common/technology/generic/autopilot/op_simcore.gen 
Execute     source /home/nour/Xilinx/Vitis_HLS/2023.1/common/technology/generic/autopilot/interface.gen 
Execute     source /home/nour/Bureau/Optimisations/Bitrank/bitrank/solution1/.autopilot/db/global.setting.tcl 
Execute     source /home/nour/Xilinx/Vitis_HLS/2023.1/common/technology/xilinx/common/xilinx.gen 
Execute       source /home/nour/Xilinx/Vitis_HLS/2023.1/common/technology/xilinx/interface/plb46.gen 
Execute       source /home/nour/Xilinx/Vitis_HLS/2023.1/common/technology/xilinx/interface/axi4.gen 
Execute       source /home/nour/Xilinx/Vitis_HLS/2023.1/common/technology/xilinx/interface/nativeAXI4.gen 
Execute         source /home/nour/Xilinx/Vitis_HLS/2023.1/common/technology/xilinx/interface/saxilite.gen 
Execute       source /home/nour/Xilinx/Vitis_HLS/2023.1/common/technology/xilinx/scripts/xilinxcoregen.gen 
Execute       source /home/nour/Xilinx/Vitis_HLS/2023.1/common/technology/xilinx/interface/XilEDKCoreGen.gen 
Execute       source /home/nour/Xilinx/Vitis_HLS/2023.1/common/technology/xilinx/ip/xfir.gen 
Execute       source /home/nour/Xilinx/Vitis_HLS/2023.1/common/technology/xilinx/ip/dds_compiler.gen 
Execute       source /home/nour/Xilinx/Vitis_HLS/2023.1/common/technology/xilinx/ip/xfft.gen 
Execute       source /home/nour/Xilinx/Vitis_HLS/2023.1/common/technology/xilinx/ip/util.gen 
Execute       source /home/nour/Xilinx/Vitis_HLS/2023.1/common/technology/xilinx/DSP48/dsp48.gen 
INFO-FLOW: DBG:PUTS:       generate_syn_sh
Execute     ap_part_info -name xc7z020-clg400-1 -data names -quiet 
Execute     ap_part_info -name xc7z020-clg400-1 -data info -quiet 
Execute     source /home/nour/Bureau/Optimisations/Bitrank/bitrank/solution1/.autopilot/db/global.setting.tcl 
INFO-FLOW: DBG:PUTS:       generate_imp_constraints
Execute     ap_part_info -name xc7z020-clg400-1 -data names -quiet 
Execute     ap_part_info -name xc7z020-clg400-1 -data info -quiet 
Execute     source /home/nour/Bureau/Optimisations/Bitrank/bitrank/solution1/.autopilot/db/bitrank.constraint.tcl 
Execute     source /home/nour/Bureau/Optimisations/Bitrank/bitrank/solution1/.autopilot/db/bitrank.tbgen.tcl 
INFO-FLOW: DBG:PUTS:       delete-temp-dirs (skipped for debug)
Execute     ap_part_info -name xc7z020-clg400-1 -data names -quiet 
Execute     ap_part_info -name xc7z020-clg400-1 -data info -quiet 
INFO-FLOW: DBG:PUTS: read_platform_lib /home/nour/Bureau/Optimisations/Bitrank/bitrank/solution1/.autopilot/db/global.setting.tcl
Execute     source /home/nour/Xilinx/Vitis_HLS/2023.1/common/technology/generic/autopilot/common.gen 
Execute       source /home/nour/Xilinx/Vitis_HLS/2023.1/common/technology/generic/autopilot/APCoreGen.gen 
Execute     source /home/nour/Xilinx/Vitis_HLS/2023.1/common/technology/generic/autopilot/op.gen 
Execute     source /home/nour/Xilinx/Vitis_HLS/2023.1/common/technology/generic/autopilot/op_simcore.gen 
Execute     source /home/nour/Xilinx/Vitis_HLS/2023.1/common/technology/generic/autopilot/interface.gen 
Execute     source /home/nour/Bureau/Optimisations/Bitrank/bitrank/solution1/.autopilot/db/global.setting.tcl 
Execute     source /home/nour/Xilinx/Vitis_HLS/2023.1/common/technology/xilinx/common/xilinx.gen 
Execute       source /home/nour/Xilinx/Vitis_HLS/2023.1/common/technology/xilinx/interface/plb46.gen 
Execute       source /home/nour/Xilinx/Vitis_HLS/2023.1/common/technology/xilinx/interface/axi4.gen 
Execute       source /home/nour/Xilinx/Vitis_HLS/2023.1/common/technology/xilinx/interface/nativeAXI4.gen 
Execute         source /home/nour/Xilinx/Vitis_HLS/2023.1/common/technology/xilinx/interface/saxilite.gen 
Execute       source /home/nour/Xilinx/Vitis_HLS/2023.1/common/technology/xilinx/scripts/xilinxcoregen.gen 
Execute       source /home/nour/Xilinx/Vitis_HLS/2023.1/common/technology/xilinx/interface/XilEDKCoreGen.gen 
Execute       source /home/nour/Xilinx/Vitis_HLS/2023.1/common/technology/xilinx/ip/xfir.gen 
Execute       source /home/nour/Xilinx/Vitis_HLS/2023.1/common/technology/xilinx/ip/dds_compiler.gen 
Execute       source /home/nour/Xilinx/Vitis_HLS/2023.1/common/technology/xilinx/ip/xfft.gen 
Execute       source /home/nour/Xilinx/Vitis_HLS/2023.1/common/technology/xilinx/ip/util.gen 
Execute       source /home/nour/Xilinx/Vitis_HLS/2023.1/common/technology/xilinx/DSP48/dsp48.gen 
Execute     source /home/nour/Bureau/Optimisations/Bitrank/bitrank/solution1/.autopilot/db/autopilot.rtl.models.tcl 
Execute     source /home/nour/Bureau/Optimisations/Bitrank/bitrank/solution1/.autopilot/db/global.setting.tcl 
Execute     ap_part_info -name xc7z020-clg400-1 -data names -quiet 
Execute     ap_part_info -name xc7z020-clg400-1 -data info -quiet 
INFO-FLOW: DBG:PUTS: debug_in_auto_impl: vlog exec /home/nour/Bureau/Optimisations/Bitrank/bitrank/solution1/impl/verilog/impl.sh
INFO-FLOW: DBG:PROC: ::HLSREPORTS::auto_impl_report topinfo_dict='RtlTopPrefix {} RtlSubPrefix bitrank_ TopModuleNoPrefix bitrank TopModuleWithPrefix bitrank' export_design_flow='impl' impl_dir='/home/nour/Bureau/Optimisations/Bitrank/bitrank/solution1/impl' lang='verilog' out_dir=''
INFO-FLOW: DBG:PUTS:     auto_impl_report: impl processing xml
Execute     ap_part_info -quiet -data family -name xc7z020-clg400-1 
INFO-FLOW: DBG:PUTS:     writing export xml file: /home/nour/Bureau/Optimisations/Bitrank/bitrank/solution1/impl/report/verilog/export_impl.xml
INFO-FLOW: DBG:PROC: ::HLSREPORTS::auto_impl_report_txt xml_root='domNode0x7f8aa83a5068' export_design_flow='impl' export_rpt='/home/nour/Bureau/Optimisations/Bitrank/bitrank/solution1/impl/report/verilog/export_impl.rpt' rpt_txt_var=''
INFO-FLOW: DBG:PUTS:     wrote export rpt file: export_impl.rpt
INFO-FLOW: DBG:PUTS:     auto_impl_report: syn processing xml
Execute     ap_part_info -quiet -data family -name xc7z020-clg400-1 
INFO-FLOW: DBG:PUTS:     writing export xml file: /home/nour/Bureau/Optimisations/Bitrank/bitrank/solution1/impl/report/verilog/export_syn.xml
INFO-FLOW: DBG:PROC: ::HLSREPORTS::auto_impl_report_txt xml_root='domNode0x7f8aa84a4218' export_design_flow='syn' export_rpt='/home/nour/Bureau/Optimisations/Bitrank/bitrank/solution1/impl/report/verilog/export_syn.rpt' rpt_txt_var=''
INFO-FLOW: DBG:PUTS:     wrote export rpt file: export_syn.rpt
Execute     send_msg_by_id INFO @200-802@%s bitrank/solution1/impl/export.zip 
INFO: [HLS 200-802] Generated output file bitrank/solution1/impl/export.zip
Command   export_design done; 214.93 sec.
INFO: [HLS 200-111] Finished Command export_design CPU user time: 139.31 seconds. CPU system time: 10.84 seconds. Elapsed time: 214.93 seconds; current allocated memory: 7.109 MB.
Command ap_source done; 215.85 sec.
Execute cleanup_all 
