/home/nour/Bureau/Optimisations/Bitrank/bitrank/solution1/.autopilot/db/bitrank.pp.0.cpp:3876:7: warning: Added loop label VITIS_LOOP_1213_1:   [xilinx-label-all-loops]
      for (i = 0; i < __N - 1; ++i) {
      ^~~
      VITIS_LOOP_1213_1: 
/home/nour/Bureau/Optimisations/Bitrank/bitrank/solution1/.autopilot/db/bitrank.pp.0.cpp:3876:7: note: FIX-IT applied suggested code changes
/home/nour/Bureau/Optimisations/Bitrank/bitrank/solution1/.autopilot/db/bitrank.pp.0.cpp:4850:5: warning: Added loop label VITIS_LOOP_676_1:   [xilinx-label-all-loops]
    for (unsigned i = low; i != high; ++i) {
    ^~~
    VITIS_LOOP_676_1: 
/home/nour/Bureau/Optimisations/Bitrank/bitrank/solution1/.autopilot/db/bitrank.pp.0.cpp:4850:5: note: FIX-IT applied suggested code changes
/home/nour/Bureau/Optimisations/Bitrank/bitrank/solution1/.autopilot/db/bitrank.pp.0.cpp:4864:5: warning: Added loop label VITIS_LOOP_690_1:   [xilinx-label-all-loops]
    for (unsigned i = low; i != high; ++i) {
    ^~~
    VITIS_LOOP_690_1: 
/home/nour/Bureau/Optimisations/Bitrank/bitrank/solution1/.autopilot/db/bitrank.pp.0.cpp:4864:5: note: FIX-IT applied suggested code changes
/home/nour/Bureau/Optimisations/Bitrank/bitrank/solution1/.autopilot/db/bitrank.pp.0.cpp:4878:5: warning: Added loop label VITIS_LOOP_704_1:   [xilinx-label-all-loops]
    for (unsigned i = low; i != high; ++i) {
    ^~~
    VITIS_LOOP_704_1: 
/home/nour/Bureau/Optimisations/Bitrank/bitrank/solution1/.autopilot/db/bitrank.pp.0.cpp:4878:5: note: FIX-IT applied suggested code changes
/home/nour/Bureau/Optimisations/Bitrank/bitrank/solution1/.autopilot/db/bitrank.pp.0.cpp:6489:7: warning: Added loop label VITIS_LOOP_1247_1:   [xilinx-label-all-loops]
      for (i = 0; i < __N - 1; ++i) {
      ^~~
      VITIS_LOOP_1247_1: 
/home/nour/Bureau/Optimisations/Bitrank/bitrank/solution1/.autopilot/db/bitrank.pp.0.cpp:6489:7: note: FIX-IT applied suggested code changes
/home/nour/Bureau/Optimisations/Bitrank/bitrank/solution1/.autopilot/db/bitrank.pp.0.cpp:8271:6: warning: Added loop label VITIS_LOOP_42_1:   [xilinx-label-all-loops]
     for (int i = 0; i < 64; ++i) {
     ^~~
     VITIS_LOOP_42_1: 
/home/nour/Bureau/Optimisations/Bitrank/bitrank/solution1/.autopilot/db/bitrank.pp.0.cpp:8271:6: note: FIX-IT applied suggested code changes
